#
# A fatal error has been detected by the Java Runtime Environment:
#
#  SIGSEGV (0xb) at pc=0x000000010a905000, pid=591, tid=3075
#
# JRE version: OpenJDK Runtime Environment (17.0.11) (build 17.0.11+0-17.0.11b1207.24-11852314)
# Java VM: OpenJDK 64-Bit Server VM (17.0.11+0-17.0.11b1207.24-11852314, mixed mode, tiered, compressed oops, compressed class ptrs, g1 gc, bsd-amd64)
# Problematic frame:
# C  [libnative-platform-file-events.dylib+0x0]  __dso_handle+0x0
#
# No core dump will be written. Core dumps have been disabled. To enable core dumping, try "ulimit -c unlimited" before starting Java again
#
# If you would like to submit a bug report, please visit:
#   https://bugreport.java.com/bugreport/crash.jsp
#

---------------  S U M M A R Y ------------

Command Line: --add-opens=java.base/java.util=ALL-UNNAMED --add-opens=java.base/java.lang=ALL-UNNAMED --add-opens=java.base/java.lang.invoke=ALL-UNNAMED --add-opens=java.prefs/java.util.prefs=ALL-UNNAMED --add-opens=java.base/java.nio.charset=ALL-UNNAMED --add-opens=java.base/java.net=ALL-UNNAMED --add-opens=java.base/java.util.concurrent.atomic=ALL-UNNAMED -Xmx2048m -Dfile.encoding=UTF-8 -Duser.country=RU -Duser.language=en -Duser.variant -javaagent:/Users/hav/.gradle/wrapper/dists/gradle-8.8-bin/dl7vupf4psengwqhwktix4v1/gradle-8.8/lib/agents/gradle-instrumentation-agent-8.8.jar org.gradle.launcher.daemon.bootstrap.GradleDaemon 8.8

Host: "MacBookPro8,1" x86_64 2300 MHz, 4 cores, 16G, Darwin 17.7.0, macOS 10.13.6 (17G14042)
Time: Sun Jan 19 14:00:32 2025 MSK elapsed time: 15.902020 seconds (0d 0h 0m 15s)

---------------  T H R E A D  ---------------

Current thread is native thread

Stack: [0x000070000efd0000,0x000070000f050000],  sp=0x000070000f04d168,  free space=500k
Native frames: (J=compiled Java code, j=interpreted, Vv=VM code, C=native code)
C  [libnative-platform-file-events.dylib+0x0]  __dso_handle+0x0
C  [libnative-platform-file-events.dylib+0x15c27]  _ZNSt3__116__variant_detail6__ctorINS0_8__traitsIJ9FileEvent10ErrorEvent10PoisonPillEEEE19__generic_constructB7v160006IRKNS0_18__copy_constructorIS6_LNS0_6_TraitE1EEEEEvRS7_OT_+0x47
C  [libnative-platform-file-events.dylib+0x15b8a]  _ZNSt3__116__variant_detail18__copy_constructorINS0_8__traitsIJ9FileEvent10ErrorEvent10PoisonPillEEELNS0_6_TraitE1EEC2ERKS8_+0x2a
C  [libnative-platform-file-events.dylib+0x15b4d]  _ZNSt3__116__variant_detail12__assignmentINS0_8__traitsIJ9FileEvent10ErrorEvent10PoisonPillEEEEC2ERKS7_+0x1d
C  [libnative-platform-file-events.dylib+0x15b1d]  _ZNSt3__116__variant_detail17__move_assignmentINS0_8__traitsIJ9FileEvent10ErrorEvent10PoisonPillEEELNS0_6_TraitE1EEC2ERKS8_+0x1d
C  [libnative-platform-file-events.dylib+0x15aed]  _ZNSt3__116__variant_detail17__copy_assignmentINS0_8__traitsIJ9FileEvent10ErrorEvent10PoisonPillEEELNS0_6_TraitE1EEC2ERKS8_+0x1d
C  [libnative-platform-file-events.dylib+0x15abd]  _ZNSt3__116__variant_detail6__implIJ9FileEvent10ErrorEvent10PoisonPillEEC2ERKS5_+0x1d
C  [libnative-platform-file-events.dylib+0x15a8d]  _ZNSt3__116__variant_detail6__implIJ9FileEvent10ErrorEvent10PoisonPillEEC1ERKS5_+0x1d
C  [libnative-platform-file-events.dylib+0x15a5d]  _ZNSt3__17variantIJ9FileEvent10ErrorEvent10PoisonPillEEC2ERKS4_+0x1d
C  [libnative-platform-file-events.dylib+0x15a2d]  _ZNSt3__17variantIJ9FileEvent10ErrorEvent10PoisonPillEEC1ERKS4_+0x1d
C  [libnative-platform-file-events.dylib+0x15a01]  _ZNSt3__19allocatorINS_7variantIJ9FileEvent10ErrorEvent10PoisonPillEEEE9constructB7v160006IS5_JRKS5_EEEvPT_DpOT0_+0x21
C  [libnative-platform-file-events.dylib+0x13805]  _ZNSt3__116allocator_traitsINS_9allocatorINS_7variantIJ9FileEvent10ErrorEvent10PoisonPillEEEEEE9constructB7v160006IS6_JRKS6_EvEEvRS7_PT_DpOT0_+0x25
C  [libnative-platform-file-events.dylib+0x133ef]  _ZNSt3__15dequeINS_7variantIJ9FileEvent10ErrorEvent10PoisonPillEEENS_9allocatorIS5_EEE9push_backERKS5_+0x6f
C  [libnative-platform-file-events.dylib+0x1336d]  _ZNSt3__15queueINS_7variantIJ9FileEvent10ErrorEvent10PoisonPillEEENS_5dequeIS5_NS_9allocatorIS5_EEEEE4pushB7v160006ERKS5_+0x1d
C  [libnative-platform-file-events.dylib+0xd9d2]  _ZN13BlockingQueueINSt3__17variantIJ9FileEvent10ErrorEvent10PoisonPillEEEE7enqueueERKS5_+0x32
C  [libnative-platform-file-events.dylib+0xd809]  _ZN6Server12handleEventsEmPPcPKjPKy+0xb9
C  [libnative-platform-file-events.dylib+0xd441]  _ZL20handleEventsCallbackPK15__FSEventStreamPvmS2_PKjPKy+0x41
C  [FSEvents+0x4463]  implementation_callback_rpc+0xb11
C  [FSEvents+0x38dd]  _Xcallback_rpc+0xe9
C  [FSEvents+0x37d7]  FSEventsD2F_server+0x37
C  [FSEvents+0x376e]  receive_and_dispatch_rcv_msg+0xa6
C  [libdispatch.dylib+0x1db8]  _dispatch_client_callout+0x8
C  [libdispatch.dylib+0x14e81]  _dispatch_continuation_pop+0x1d8
C  [libdispatch.dylib+0x4081]  _dispatch_source_invoke+0x26c
C  [libdispatch.dylib+0x1607a]  _dispatch_queue_serial_drain+0xde
C  [libdispatch.dylib+0x9166]  _dispatch_queue_invoke+0x175
C  [libdispatch.dylib+0x16f0d]  _dispatch_root_queue_drain_deferred_wlh+0x14c
C  [libdispatch.dylib+0x1ad21]  _dispatch_workloop_worker_thread+0x370
C  [libsystem_pthread.dylib+0x2fd2]  _pthread_wqthread+0x3d4
C  [libsystem_pthread.dylib+0x2be9]  start_wqthread+0xd


siginfo: si_signo: 11 (SIGSEGV), si_code: 0 (unknown), si_addr: 0x0000000000000000

Registers:
RAX=0x000000010a905000, RBX=0x00007fd71d45ee70, RCX=0x0000000000000000, RDX=0x000070000f04d4f0
RSP=0x000070000f04d168, RBP=0x000070000f04d1c0, RSI=0x00007fd718629c00, RDI=0x000070000f04d1d8
R8 =0x00000000000000c0, R9 =0x0000000000003100, R10=0x0000000000000000, R11=0x0000000000000000
R12=0x00000001027ff000, R13=0x0000000000000000, R14=0x0000000000000000, R15=0x0000000000000000
RIP=0x000000010a905000, EFLAGS=0x0000000000010206, ERR=0x0000000000000000
  TRAPNO=0x000000000000000d


Top of Stack: (sp=0x000070000f04d168)
0x000070000f04d168:   000000010a91ad8c 000070000f04d1d8
0x000070000f04d178:   00007fd718629c00 000000010a905000
0x000070000f04d188:   000000010a905000 000000010a905000
0x000070000f04d198:   000000010a905000 000070000f04d4f0
0x000070000f04d1a8:   00007fd718629c00 000070000f04d1d8
0x000070000f04d1b8:   0000000000000000 000070000f04d1f0
0x000070000f04d1c8:   000000010a91ac27 000070000f04d1f0
0x000070000f04d1d8:   000000010a91abd5 000070000f04d4f0
0x000070000f04d1e8:   00007fd718629c00 000070000f04d230
0x000070000f04d1f8:   000000010a91ab8a 00007fd718629c00
0x000070000f04d208:   000000010a91a849 0000000000000000
0x000070000f04d218:   000070000f04d2f0 000070000f04d4f0
0x000070000f04d228:   00007fd718629c00 000070000f04d250
0x000070000f04d238:   000000010a91ab4d 000070000f04d4f0
0x000070000f04d248:   00007fd718629c00 000070000f04d270
0x000070000f04d258:   000000010a91ab1d 000070000f04d4f0
0x000070000f04d268:   00007fd718629c00 000070000f04d290
0x000070000f04d278:   000000010a91aaed 000070000f04d4f0
0x000070000f04d288:   00007fd718629c00 000070000f04d2b0
0x000070000f04d298:   000000010a91aabd 000070000f04d4f0
0x000070000f04d2a8:   00007fd718629c00 000070000f04d2d0
0x000070000f04d2b8:   000000010a91aa8d 000070000f04d4f0
0x000070000f04d2c8:   00007fd718629c00 000070000f04d2f0
0x000070000f04d2d8:   000000010a91aa5d 000070000f04d4f0
0x000070000f04d2e8:   00007fd718629c00 000070000f04d310
0x000070000f04d2f8:   000000010a91aa2d 000070000f04d4f0
0x000070000f04d308:   00007fd718629c00 000070000f04d340
0x000070000f04d318:   000000010a91aa01 00007fd718629c00
0x000070000f04d328:   000070000f04d4f0 00007fd718629c00
0x000070000f04d338:   00007fd71a5393d8 000070000f04d370
0x000070000f04d348:   000000010a918805 0000000000000000
0x000070000f04d358:   000070000f04d4f0 00007fd718629c00 

Instructions: (pc=0x000000010a905000)
0x000000010a904f00:   00 00 00 00 00 00 00 00 00 00 00 00 00 00 00 00
0x000000010a904f10:   00 00 00 00 00 00 00 00 00 00 00 00 00 00 00 00
0x000000010a904f20:   00 00 00 00 00 00 00 00 00 00 00 00 00 00 00 00
0x000000010a904f30:   00 00 00 00 00 00 00 00 00 00 00 00 00 00 00 00
0x000000010a904f40:   00 00 00 00 00 00 00 00 00 00 00 00 00 00 00 00
0x000000010a904f50:   00 00 00 00 00 00 00 00 00 00 00 00 00 00 00 00
0x000000010a904f60:   00 00 00 00 00 00 00 00 00 00 00 00 00 00 00 00
0x000000010a904f70:   00 00 00 00 00 00 00 00 00 00 00 00 00 00 00 00
0x000000010a904f80:   00 00 00 00 00 00 00 00 00 00 00 00 00 00 00 00
0x000000010a904f90:   00 00 00 00 00 00 00 00 00 00 00 00 00 00 00 00
0x000000010a904fa0:   00 00 00 00 00 00 00 00 00 00 00 00 00 00 00 00
0x000000010a904fb0:   00 00 00 00 00 00 00 00 00 00 00 00 00 00 00 00
0x000000010a904fc0:   00 00 00 00 00 00 00 00 00 00 00 00 00 00 00 00
0x000000010a904fd0:   00 00 00 00 00 00 00 00 00 00 00 00 00 00 00 00
0x000000010a904fe0:   00 00 00 00 00 00 00 00 00 00 00 00 00 00 00 00
0x000000010a904ff0:   00 00 00 00 00 00 00 00 00 00 00 00 00 00 00 00
0x000000010a905000:   cf fa ed fe 07 00 00 01 03 00 00 00 06 00 00 00
0x000000010a905010:   10 00 00 00 00 07 00 00 85 80 11 00 00 00 00 00
0x000000010a905020:   19 00 00 00 78 02 00 00 5f 5f 54 45 58 54 00 00
0x000000010a905030:   00 00 00 00 00 00 00 00 00 00 00 00 00 00 00 00
0x000000010a905040:   00 c0 01 00 00 00 00 00 00 00 00 00 00 00 00 00
0x000000010a905050:   00 c0 01 00 00 00 00 00 05 00 00 00 05 00 00 00
0x000000010a905060:   07 00 00 00 00 00 00 00 5f 5f 74 65 78 74 00 00
0x000000010a905070:   00 00 00 00 00 00 00 00 5f 5f 54 45 58 54 00 00
0x000000010a905080:   00 00 00 00 00 00 00 00 80 19 00 00 00 00 00 00
0x000000010a905090:   dc 7d 01 00 00 00 00 00 80 19 00 00 04 00 00 00
0x000000010a9050a0:   00 00 00 00 00 00 00 00 00 04 00 80 00 00 00 00
0x000000010a9050b0:   00 00 00 00 00 00 00 00 5f 5f 73 74 75 62 73 00
0x000000010a9050c0:   00 00 00 00 00 00 00 00 5f 5f 54 45 58 54 00 00
0x000000010a9050d0:   00 00 00 00 00 00 00 00 5c 97 01 00 00 00 00 00
0x000000010a9050e0:   ec 04 00 00 00 00 00 00 5c 97 01 00 00 00 00 00
0x000000010a9050f0:   00 00 00 00 00 00 00 00 08 04 00 80 00 00 00 00 



---------------  P R O C E S S  ---------------

VM state: not at safepoint (normal execution)

VM Mutex/Monitor currently owned by a thread: None

Heap address: 0x0000000780000000, size: 2048 MB, Compressed Oops mode: Zero based, Oop shift amount: 3

CDS archive(s) not mapped
Compressed class space mapped at: 0x0000000800000000-0x0000000840000000, reserved size: 1073741824
Narrow klass base: 0x0000000800000000, Narrow klass shift: 0, Narrow klass range: 0x40000000

GC Precious Log:
<Skipped>

Heap:
 garbage-first heap   total 138240K, used 78757K [0x0000000780000000, 0x0000000800000000)
  region size 1024K, 12 young (12288K), 5 survivors (5120K)
 Metaspace       used 54631K, committed 55104K, reserved 1114112K
  class space    used 7743K, committed 8000K, reserved 1048576K

Heap Regions: E=young(eden), S=young(survivor), O=old, HS=humongous(starts), HC=humongous(continues), CS=collection set, F=free, OA=open archive, CA=closed archive, TAMS=top-at-mark-start (previous, next)
|   0|0x0000000780000000, 0x0000000780100000, 0x0000000780100000|100%| O|  |TAMS 0x0000000780100000, 0x0000000780000000| Untracked 
|   1|0x0000000780100000, 0x0000000780200000, 0x0000000780200000|100%|HS|  |TAMS 0x0000000780200000, 0x0000000780100000| Complete 
|   2|0x0000000780200000, 0x0000000780300000, 0x0000000780300000|100%|HC|  |TAMS 0x0000000780300000, 0x0000000780200000| Complete 
|   3|0x0000000780300000, 0x0000000780400000, 0x0000000780400000|100%|HC|  |TAMS 0x0000000780400000, 0x0000000780300000| Complete 
|   4|0x0000000780400000, 0x0000000780500000, 0x0000000780500000|100%|HC|  |TAMS 0x0000000780500000, 0x0000000780400000| Complete 
|   5|0x0000000780500000, 0x0000000780600000, 0x0000000780600000|100%| O|  |TAMS 0x0000000780600000, 0x0000000780500000| Untracked 
|   6|0x0000000780600000, 0x0000000780700000, 0x0000000780700000|100%| O|  |TAMS 0x0000000780700000, 0x0000000780600000| Untracked 
|   7|0x0000000780700000, 0x0000000780800000, 0x0000000780800000|100%| O|  |TAMS 0x0000000780800000, 0x0000000780700000| Untracked 
|   8|0x0000000780800000, 0x0000000780900000, 0x0000000780900000|100%|HS|  |TAMS 0x0000000780900000, 0x0000000780800000| Complete 
|   9|0x0000000780900000, 0x0000000780a00000, 0x0000000780a00000|100%| O|  |TAMS 0x0000000780a00000, 0x0000000780900000| Untracked 
|  10|0x0000000780a00000, 0x0000000780b00000, 0x0000000780b00000|100%| O|  |TAMS 0x0000000780b00000, 0x0000000780a00000| Untracked 
|  11|0x0000000780b00000, 0x0000000780c00000, 0x0000000780c00000|100%| O|  |TAMS 0x0000000780c00000, 0x0000000780b00000| Untracked 
|  12|0x0000000780c00000, 0x0000000780d00000, 0x0000000780d00000|100%| O|  |TAMS 0x0000000780d00000, 0x0000000780c00000| Untracked 
|  13|0x0000000780d00000, 0x0000000780e00000, 0x0000000780e00000|100%| O|  |TAMS 0x0000000780e00000, 0x0000000780d00000| Untracked 
|  14|0x0000000780e00000, 0x0000000780f00000, 0x0000000780f00000|100%| O|  |TAMS 0x0000000780f00000, 0x0000000780e00000| Untracked 
|  15|0x0000000780f00000, 0x0000000781000000, 0x0000000781000000|100%| O|  |TAMS 0x0000000781000000, 0x0000000780f00000| Untracked 
|  16|0x0000000781000000, 0x0000000781100000, 0x0000000781100000|100%| O|  |TAMS 0x0000000781100000, 0x0000000781000000| Untracked 
|  17|0x0000000781100000, 0x0000000781200000, 0x0000000781200000|100%| O|  |TAMS 0x0000000781200000, 0x0000000781100000| Untracked 
|  18|0x0000000781200000, 0x0000000781300000, 0x0000000781300000|100%| O|  |TAMS 0x0000000781300000, 0x0000000781200000| Untracked 
|  19|0x0000000781300000, 0x0000000781400000, 0x0000000781400000|100%| O|  |TAMS 0x0000000781400000, 0x0000000781300000| Untracked 
|  20|0x0000000781400000, 0x0000000781500000, 0x0000000781500000|100%| O|  |TAMS 0x0000000781500000, 0x0000000781400000| Untracked 
|  21|0x0000000781500000, 0x0000000781600000, 0x0000000781600000|100%| O|  |TAMS 0x0000000781600000, 0x0000000781500000| Untracked 
|  22|0x0000000781600000, 0x0000000781700000, 0x0000000781700000|100%| O|  |TAMS 0x0000000781700000, 0x0000000781600000| Untracked 
|  23|0x0000000781700000, 0x0000000781800000, 0x0000000781800000|100%|HS|  |TAMS 0x0000000781800000, 0x0000000781700000| Complete 
|  24|0x0000000781800000, 0x0000000781900000, 0x0000000781900000|100%|HC|  |TAMS 0x0000000781900000, 0x0000000781800000| Complete 
|  25|0x0000000781900000, 0x0000000781a00000, 0x0000000781a00000|100%|HC|  |TAMS 0x0000000781a00000, 0x0000000781900000| Complete 
|  26|0x0000000781a00000, 0x0000000781b00000, 0x0000000781b00000|100%|HC|  |TAMS 0x0000000781b00000, 0x0000000781a00000| Complete 
|  27|0x0000000781b00000, 0x0000000781c00000, 0x0000000781c00000|100%|HC|  |TAMS 0x0000000781c00000, 0x0000000781b00000| Complete 
|  28|0x0000000781c00000, 0x0000000781d00000, 0x0000000781d00000|100%|HC|  |TAMS 0x0000000781d00000, 0x0000000781c00000| Complete 
|  29|0x0000000781d00000, 0x0000000781e00000, 0x0000000781e00000|100%|HS|  |TAMS 0x0000000781e00000, 0x0000000781d00000| Complete 
|  30|0x0000000781e00000, 0x0000000781f00000, 0x0000000781f00000|100%|HC|  |TAMS 0x0000000781f00000, 0x0000000781e00000| Complete 
|  31|0x0000000781f00000, 0x0000000782000000, 0x0000000782000000|100%|HC|  |TAMS 0x0000000782000000, 0x0000000781f00000| Complete 
|  32|0x0000000782000000, 0x0000000782100000, 0x0000000782100000|100%|HS|  |TAMS 0x0000000782100000, 0x0000000782000000| Complete 
|  33|0x0000000782100000, 0x0000000782200000, 0x0000000782200000|100%|HC|  |TAMS 0x0000000782200000, 0x0000000782100000| Complete 
|  34|0x0000000782200000, 0x0000000782300000, 0x0000000782300000|100%|HC|  |TAMS 0x0000000782300000, 0x0000000782200000| Complete 
|  35|0x0000000782300000, 0x0000000782400000, 0x0000000782400000|100%| O|  |TAMS 0x0000000782400000, 0x0000000782300000| Untracked 
|  36|0x0000000782400000, 0x0000000782500000, 0x0000000782500000|100%| O|  |TAMS 0x0000000782500000, 0x0000000782400000| Untracked 
|  37|0x0000000782500000, 0x0000000782600000, 0x0000000782600000|100%| O|  |TAMS 0x0000000782600000, 0x0000000782500000| Untracked 
|  38|0x0000000782600000, 0x0000000782700000, 0x0000000782700000|100%|HS|  |TAMS 0x0000000782700000, 0x0000000782600000| Complete 
|  39|0x0000000782700000, 0x0000000782800000, 0x0000000782800000|100%| O|  |TAMS 0x0000000782800000, 0x0000000782700000| Untracked 
|  40|0x0000000782800000, 0x0000000782900000, 0x0000000782900000|100%| O|  |TAMS 0x0000000782900000, 0x0000000782800000| Untracked 
|  41|0x0000000782900000, 0x0000000782a00000, 0x0000000782a00000|100%|HS|  |TAMS 0x0000000782a00000, 0x0000000782900000| Complete 
|  42|0x0000000782a00000, 0x0000000782b00000, 0x0000000782b00000|100%|HC|  |TAMS 0x0000000782b00000, 0x0000000782a00000| Complete 
|  43|0x0000000782b00000, 0x0000000782c00000, 0x0000000782c00000|100%|HC|  |TAMS 0x0000000782c00000, 0x0000000782b00000| Complete 
|  44|0x0000000782c00000, 0x0000000782d00000, 0x0000000782d00000|100%|HC|  |TAMS 0x0000000782d00000, 0x0000000782c00000| Complete 
|  45|0x0000000782d00000, 0x0000000782e00000, 0x0000000782e00000|100%|HC|  |TAMS 0x0000000782e00000, 0x0000000782d00000| Complete 
|  46|0x0000000782e00000, 0x0000000782f00000, 0x0000000782f00000|100%|HC|  |TAMS 0x0000000782f00000, 0x0000000782e00000| Complete 
|  47|0x0000000782f00000, 0x0000000783000000, 0x0000000783000000|100%|HS|  |TAMS 0x0000000783000000, 0x0000000782f00000| Complete 
|  48|0x0000000783000000, 0x0000000783100000, 0x0000000783100000|100%|HC|  |TAMS 0x0000000783100000, 0x0000000783000000| Complete 
|  49|0x0000000783100000, 0x0000000783200000, 0x0000000783200000|100%|HC|  |TAMS 0x0000000783200000, 0x0000000783100000| Complete 
|  50|0x0000000783200000, 0x0000000783300000, 0x0000000783300000|100%|HS|  |TAMS 0x0000000783300000, 0x0000000783200000| Complete 
|  51|0x0000000783300000, 0x0000000783400000, 0x0000000783400000|100%|HC|  |TAMS 0x0000000783400000, 0x0000000783300000| Complete 
|  52|0x0000000783400000, 0x0000000783500000, 0x0000000783500000|100%|HC|  |TAMS 0x0000000783500000, 0x0000000783400000| Complete 
|  53|0x0000000783500000, 0x0000000783600000, 0x0000000783600000|100%|HC|  |TAMS 0x0000000783600000, 0x0000000783500000| Complete 
|  54|0x0000000783600000, 0x0000000783700000, 0x0000000783700000|100%|HC|  |TAMS 0x0000000783700000, 0x0000000783600000| Complete 
|  55|0x0000000783700000, 0x0000000783800000, 0x0000000783800000|100%| O|  |TAMS 0x0000000783800000, 0x0000000783700000| Untracked 
|  56|0x0000000783800000, 0x0000000783900000, 0x0000000783900000|100%| O|  |TAMS 0x0000000783900000, 0x0000000783800000| Untracked 
|  57|0x0000000783900000, 0x0000000783a00000, 0x0000000783a00000|100%| O|  |TAMS 0x0000000783a00000, 0x0000000783900000| Untracked 
|  58|0x0000000783a00000, 0x0000000783b00000, 0x0000000783b00000|100%| O|  |TAMS 0x0000000783b00000, 0x0000000783a00000| Untracked 
|  59|0x0000000783b00000, 0x0000000783c00000, 0x0000000783c00000|100%| O|  |TAMS 0x0000000783c00000, 0x0000000783b00000| Untracked 
|  60|0x0000000783c00000, 0x0000000783d00000, 0x0000000783d00000|100%| O|  |TAMS 0x0000000783ce1600, 0x0000000783c00000| Untracked 
|  61|0x0000000783d00000, 0x0000000783e00000, 0x0000000783e00000|100%| O|  |TAMS 0x0000000783d00000, 0x0000000783d00000| Untracked 
|  62|0x0000000783e00000, 0x0000000783f00000, 0x0000000783f00000|100%| O|  |TAMS 0x0000000783e00000, 0x0000000783e00000| Untracked 
|  63|0x0000000783f00000, 0x0000000784000000, 0x0000000784000000|100%| O|  |TAMS 0x0000000783f00000, 0x0000000783f00000| Untracked 
|  64|0x0000000784000000, 0x0000000784100000, 0x0000000784100000|100%| O|  |TAMS 0x0000000784000000, 0x0000000784000000| Untracked 
|  65|0x0000000784100000, 0x0000000784200000, 0x0000000784200000|100%| O|  |TAMS 0x0000000784100000, 0x0000000784100000| Untracked 
|  66|0x0000000784200000, 0x000000078423f800, 0x0000000784300000| 24%| O|  |TAMS 0x0000000784200000, 0x0000000784200000| Untracked 
|  67|0x0000000784300000, 0x0000000784300000, 0x0000000784400000|  0%| F|  |TAMS 0x0000000784300000, 0x0000000784300000| Untracked 
|  68|0x0000000784400000, 0x0000000784400000, 0x0000000784500000|  0%| F|  |TAMS 0x0000000784400000, 0x0000000784400000| Untracked 
|  69|0x0000000784500000, 0x0000000784500000, 0x0000000784600000|  0%| F|  |TAMS 0x0000000784500000, 0x0000000784500000| Untracked 
|  70|0x0000000784600000, 0x0000000784600000, 0x0000000784700000|  0%| F|  |TAMS 0x0000000784600000, 0x0000000784600000| Untracked 
|  71|0x0000000784700000, 0x0000000784700000, 0x0000000784800000|  0%| F|  |TAMS 0x0000000784700000, 0x0000000784700000| Untracked 
|  72|0x0000000784800000, 0x0000000784800000, 0x0000000784900000|  0%| F|  |TAMS 0x0000000784800000, 0x0000000784800000| Untracked 
|  73|0x0000000784900000, 0x0000000784900000, 0x0000000784a00000|  0%| F|  |TAMS 0x0000000784900000, 0x0000000784900000| Untracked 
|  74|0x0000000784a00000, 0x0000000784a00000, 0x0000000784b00000|  0%| F|  |TAMS 0x0000000784a00000, 0x0000000784a00000| Untracked 
|  75|0x0000000784b00000, 0x0000000784b00000, 0x0000000784c00000|  0%| F|  |TAMS 0x0000000784b00000, 0x0000000784b00000| Untracked 
|  76|0x0000000784c00000, 0x0000000784c00000, 0x0000000784d00000|  0%| F|  |TAMS 0x0000000784c00000, 0x0000000784c00000| Untracked 
|  77|0x0000000784d00000, 0x0000000784d00000, 0x0000000784e00000|  0%| F|  |TAMS 0x0000000784d00000, 0x0000000784d00000| Untracked 
|  78|0x0000000784e00000, 0x0000000784e00000, 0x0000000784f00000|  0%| F|  |TAMS 0x0000000784e00000, 0x0000000784e00000| Untracked 
|  79|0x0000000784f00000, 0x0000000784f00000, 0x0000000785000000|  0%| F|  |TAMS 0x0000000784f00000, 0x0000000784f00000| Untracked 
|  80|0x0000000785000000, 0x0000000785000000, 0x0000000785100000|  0%| F|  |TAMS 0x0000000785000000, 0x0000000785000000| Untracked 
|  81|0x0000000785100000, 0x0000000785100000, 0x0000000785200000|  0%| F|  |TAMS 0x0000000785100000, 0x0000000785100000| Untracked 
|  82|0x0000000785200000, 0x0000000785200000, 0x0000000785300000|  0%| F|  |TAMS 0x0000000785200000, 0x0000000785200000| Untracked 
|  83|0x0000000785300000, 0x0000000785300000, 0x0000000785400000|  0%| F|  |TAMS 0x0000000785300000, 0x0000000785300000| Untracked 
|  84|0x0000000785400000, 0x0000000785400000, 0x0000000785500000|  0%| F|  |TAMS 0x0000000785400000, 0x0000000785400000| Untracked 
|  85|0x0000000785500000, 0x0000000785500000, 0x0000000785600000|  0%| F|  |TAMS 0x0000000785500000, 0x0000000785500000| Untracked 
|  86|0x0000000785600000, 0x0000000785600000, 0x0000000785700000|  0%| F|  |TAMS 0x0000000785600000, 0x0000000785600000| Untracked 
|  87|0x0000000785700000, 0x0000000785700000, 0x0000000785800000|  0%| F|  |TAMS 0x0000000785700000, 0x0000000785700000| Untracked 
|  88|0x0000000785800000, 0x0000000785800000, 0x0000000785900000|  0%| F|  |TAMS 0x0000000785800000, 0x0000000785800000| Untracked 
|  89|0x0000000785900000, 0x0000000785900000, 0x0000000785a00000|  0%| F|  |TAMS 0x0000000785900000, 0x0000000785900000| Untracked 
|  90|0x0000000785a00000, 0x0000000785a00000, 0x0000000785b00000|  0%| F|  |TAMS 0x0000000785a00000, 0x0000000785a00000| Untracked 
|  91|0x0000000785b00000, 0x0000000785b21ef0, 0x0000000785c00000| 13%| S|CS|TAMS 0x0000000785b00000, 0x0000000785b00000| Complete 
|  92|0x0000000785c00000, 0x0000000785d00000, 0x0000000785d00000|100%| S|CS|TAMS 0x0000000785c00000, 0x0000000785c00000| Complete 
|  93|0x0000000785d00000, 0x0000000785e00000, 0x0000000785e00000|100%| S|CS|TAMS 0x0000000785d00000, 0x0000000785d00000| Complete 
|  94|0x0000000785e00000, 0x0000000785f00000, 0x0000000785f00000|100%| S|CS|TAMS 0x0000000785e00000, 0x0000000785e00000| Complete 
|  95|0x0000000785f00000, 0x0000000786000000, 0x0000000786000000|100%| S|CS|TAMS 0x0000000785f00000, 0x0000000785f00000| Complete 
|  96|0x0000000786000000, 0x0000000786000000, 0x0000000786100000|  0%| F|  |TAMS 0x0000000786000000, 0x0000000786000000| Untracked 
|  97|0x0000000786100000, 0x0000000786100000, 0x0000000786200000|  0%| F|  |TAMS 0x0000000786100000, 0x0000000786100000| Untracked 
|  98|0x0000000786200000, 0x0000000786200000, 0x0000000786300000|  0%| F|  |TAMS 0x0000000786200000, 0x0000000786200000| Untracked 
|  99|0x0000000786300000, 0x0000000786300000, 0x0000000786400000|  0%| F|  |TAMS 0x0000000786300000, 0x0000000786300000| Untracked 
| 100|0x0000000786400000, 0x0000000786400000, 0x0000000786500000|  0%| F|  |TAMS 0x0000000786400000, 0x0000000786400000| Untracked 
| 101|0x0000000786500000, 0x0000000786500000, 0x0000000786600000|  0%| F|  |TAMS 0x0000000786500000, 0x0000000786500000| Untracked 
| 102|0x0000000786600000, 0x0000000786600000, 0x0000000786700000|  0%| F|  |TAMS 0x0000000786600000, 0x0000000786600000| Untracked 
| 103|0x0000000786700000, 0x0000000786700000, 0x0000000786800000|  0%| F|  |TAMS 0x0000000786700000, 0x0000000786700000| Untracked 
| 104|0x0000000786800000, 0x0000000786800000, 0x0000000786900000|  0%| F|  |TAMS 0x0000000786800000, 0x0000000786800000| Untracked 
| 105|0x0000000786900000, 0x0000000786900000, 0x0000000786a00000|  0%| F|  |TAMS 0x0000000786900000, 0x0000000786900000| Untracked 
| 106|0x0000000786a00000, 0x0000000786a00000, 0x0000000786b00000|  0%| F|  |TAMS 0x0000000786a00000, 0x0000000786a00000| Untracked 
| 107|0x0000000786b00000, 0x0000000786b00000, 0x0000000786c00000|  0%| F|  |TAMS 0x0000000786b00000, 0x0000000786b00000| Untracked 
| 108|0x0000000786c00000, 0x0000000786c00000, 0x0000000786d00000|  0%| F|  |TAMS 0x0000000786c00000, 0x0000000786c00000| Untracked 
| 109|0x0000000786d00000, 0x0000000786d00000, 0x0000000786e00000|  0%| F|  |TAMS 0x0000000786d00000, 0x0000000786d00000| Untracked 
| 110|0x0000000786e00000, 0x0000000786e00000, 0x0000000786f00000|  0%| F|  |TAMS 0x0000000786e00000, 0x0000000786e00000| Untracked 
| 111|0x0000000786f00000, 0x0000000786f00000, 0x0000000787000000|  0%| F|  |TAMS 0x0000000786f00000, 0x0000000786f00000| Untracked 
| 112|0x0000000787000000, 0x0000000787000000, 0x0000000787100000|  0%| F|  |TAMS 0x0000000787000000, 0x0000000787000000| Untracked 
| 113|0x0000000787100000, 0x0000000787100000, 0x0000000787200000|  0%| F|  |TAMS 0x0000000787100000, 0x0000000787100000| Untracked 
| 114|0x0000000787200000, 0x0000000787200000, 0x0000000787300000|  0%| F|  |TAMS 0x0000000787200000, 0x0000000787200000| Untracked 
| 115|0x0000000787300000, 0x0000000787300000, 0x0000000787400000|  0%| F|  |TAMS 0x0000000787300000, 0x0000000787300000| Untracked 
| 116|0x0000000787400000, 0x0000000787400000, 0x0000000787500000|  0%| F|  |TAMS 0x0000000787400000, 0x0000000787400000| Untracked 
| 117|0x0000000787500000, 0x0000000787500000, 0x0000000787600000|  0%| F|  |TAMS 0x0000000787500000, 0x0000000787500000| Untracked 
| 118|0x0000000787600000, 0x0000000787600000, 0x0000000787700000|  0%| F|  |TAMS 0x0000000787600000, 0x0000000787600000| Untracked 
| 119|0x0000000787700000, 0x0000000787700000, 0x0000000787800000|  0%| F|  |TAMS 0x0000000787700000, 0x0000000787700000| Untracked 
| 120|0x0000000787800000, 0x0000000787800000, 0x0000000787900000|  0%| F|  |TAMS 0x0000000787800000, 0x0000000787800000| Untracked 
| 121|0x0000000787900000, 0x0000000787900000, 0x0000000787a00000|  0%| F|  |TAMS 0x0000000787900000, 0x0000000787900000| Untracked 
| 122|0x0000000787a00000, 0x0000000787a00000, 0x0000000787b00000|  0%| F|  |TAMS 0x0000000787a00000, 0x0000000787a00000| Untracked 
| 123|0x0000000787b00000, 0x0000000787b00000, 0x0000000787c00000|  0%| F|  |TAMS 0x0000000787b00000, 0x0000000787b00000| Untracked 
| 124|0x0000000787c00000, 0x0000000787c00000, 0x0000000787d00000|  0%| F|  |TAMS 0x0000000787c00000, 0x0000000787c00000| Untracked 
| 125|0x0000000787d00000, 0x0000000787d00000, 0x0000000787e00000|  0%| F|  |TAMS 0x0000000787d00000, 0x0000000787d00000| Untracked 
| 199|0x000000078c700000, 0x000000078c700000, 0x000000078c800000|  0%| F|  |TAMS 0x000000078c700000, 0x000000078c700000| Untracked 
| 200|0x000000078c800000, 0x000000078c800000, 0x000000078c900000|  0%| F|  |TAMS 0x000000078c800000, 0x000000078c800000| Untracked 
| 201|0x000000078c900000, 0x000000078ca00000, 0x000000078ca00000|100%| E|  |TAMS 0x000000078c900000, 0x000000078c900000| Complete 
| 202|0x000000078ca00000, 0x000000078cb00000, 0x000000078cb00000|100%| E|CS|TAMS 0x000000078ca00000, 0x000000078ca00000| Complete 
| 203|0x000000078cb00000, 0x000000078cc00000, 0x000000078cc00000|100%| E|CS|TAMS 0x000000078cb00000, 0x000000078cb00000| Complete 
| 204|0x000000078cc00000, 0x000000078cd00000, 0x000000078cd00000|100%| E|CS|TAMS 0x000000078cc00000, 0x000000078cc00000| Complete 
| 205|0x000000078cd00000, 0x000000078ce00000, 0x000000078ce00000|100%| E|CS|TAMS 0x000000078cd00000, 0x000000078cd00000| Complete 
| 206|0x000000078ce00000, 0x000000078cf00000, 0x000000078cf00000|100%| E|CS|TAMS 0x000000078ce00000, 0x000000078ce00000| Complete 
| 255|0x000000078ff00000, 0x0000000790000000, 0x0000000790000000|100%| E|CS|TAMS 0x000000078ff00000, 0x000000078ff00000| Complete 

Card table byte_map: [0x0000000107649000,0x0000000107a49000] _byte_map_base: 0x0000000103a49000

Marking Bits (Prev, Next): (CMBitMap*) 0x00007fd719027010, (CMBitMap*) 0x00007fd719027050
 Prev Bits: [0x0000000107e49000, 0x0000000109e49000)
 Next Bits: [0x000000010bbd4000, 0x000000010dbd4000)

Polling page: 0x00000001027ce000

Metaspace:

Usage:
  Non-class:     45.80 MB used.
      Class:      7.56 MB used.
       Both:     53.36 MB used.

Virtual space:
  Non-class space:       64.00 MB reserved,      46.06 MB ( 72%) committed,  1 nodes.
      Class space:        1.00 GB reserved,       7.81 MB ( <1%) committed,  1 nodes.
             Both:        1.06 GB reserved,      53.88 MB (  5%) committed. 

Chunk freelists:
   Non-Class:  1.92 MB
       Class:  8.21 MB
        Both:  10.13 MB

MaxMetaspaceSize: unlimited
CompressedClassSpaceSize: 1.00 GB
Initial GC threshold: 21.00 MB
Current GC threshold: 83.69 MB
CDS: off
MetaspaceReclaimPolicy: balanced
 - commit_granule_bytes: 65536.
 - commit_granule_words: 8192.
 - virtual_space_node_default_size: 8388608.
 - enlarge_chunks_in_place: 1.
 - new_chunks_are_fully_committed: 0.
 - uncommit_free_chunks: 1.
 - use_allocation_guard: 0.
 - handle_deallocations: 1.


Internal statistics:

num_allocs_failed_limit: 3.
num_arena_births: 540.
num_arena_deaths: 0.
num_vsnodes_births: 2.
num_vsnodes_deaths: 0.
num_space_committed: 862.
num_space_uncommitted: 0.
num_chunks_returned_to_freelist: 3.
num_chunks_taken_from_freelist: 2450.
num_chunk_merges: 0.
num_chunk_splits: 1578.
num_chunks_enlarged: 1060.
num_inconsistent_stats: 0.

CodeHeap 'non-profiled nmethods': size=120032Kb used=2847Kb max_used=2847Kb free=117184Kb
 bounds [0x000007fa8a2d0000, 0x000007fa8a5a0000, 0x000007fa91808000]
CodeHeap 'profiled nmethods': size=120028Kb used=10427Kb max_used=10427Kb free=109600Kb
 bounds [0x000007fa82808000, 0x000007fa83238000, 0x000007fa89d3f000]
CodeHeap 'non-nmethods': size=5700Kb used=2311Kb max_used=2358Kb free=3389Kb
 bounds [0x000007fa89d3f000, 0x000007fa89faf000, 0x000007fa8a2d0000]
 total_blobs=6015 nmethods=5195 adapters=733
 compilation: enabled
              stopped_count=0, restarted_count=0
 full_count=0

Compilation events (20 events):
Event: 15.880 Thread 0x00007fd71909c400 5245       3       sun.nio.fs.UnixFileAttributes$UnixAsBasicFileAttributes::isSymbolicLink (8 bytes)
Event: 15.880 Thread 0x00007fd71909c400 nmethod 5245 0x000007fa83232b10 code [0x000007fa83232cc0, 0x000007fa83232eb8]
Event: 15.880 Thread 0x00007fd71909c400 5249       3       org.gradle.internal.snapshot.ChildMapFactory::childMapFromSorted (84 bytes)
Event: 15.882 Thread 0x00007fd71909c400 nmethod 5249 0x000007fa83232f90 code [0x000007fa832331e0, 0x000007fa83233c38]
Event: 15.882 Thread 0x00007fd71909c400 5248       3       sun.nio.fs.UnixFileAttributes::isSymbolicLink (18 bytes)
Event: 15.882 Thread 0x00007fd71909c400 nmethod 5248 0x000007fa83233f10 code [0x000007fa832340a0, 0x000007fa83234218]
Event: 15.882 Thread 0x00007fd71909c400 5247       3       sun.security.provider.DigestBase::implCompressMultiBlockCheck (67 bytes)
Event: 15.882 Thread 0x00007fd71909c400 nmethod 5247 0x000007fa83234290 code [0x000007fa83234480, 0x000007fa832349e8]
Event: 15.882 Thread 0x00007fd71909c400 5238       3       java.util.concurrent.FutureTask::done (1 bytes)
Event: 15.882 Thread 0x00007fd71909c400 nmethod 5238 0x000007fa83234c10 code [0x000007fa83234da0, 0x000007fa83234eb8]
Event: 15.882 Thread 0x00007fd71909c400 5239       3       java.util.concurrent.FutureTask::<init> (27 bytes)
Event: 15.883 Thread 0x00007fd71909c400 nmethod 5239 0x000007fa83234f90 code [0x000007fa83235140, 0x000007fa83235428]
Event: 15.883 Thread 0x00007fd71909c400 5246       3       com.google.common.cache.CacheLoader::<init> (5 bytes)
Event: 15.883 Thread 0x00007fd71909c400 nmethod 5246 0x000007fa83235510 code [0x000007fa832356c0, 0x000007fa83235818]
Event: 15.890 Thread 0x00007fd71909c400 5251       3       java.util.stream.Stream::of (13 bytes)
Event: 15.890 Thread 0x00007fd71909c400 nmethod 5251 0x000007fa83235910 code [0x000007fa83235ae0, 0x000007fa83235de8]
Event: 15.890 Thread 0x00007fd71909c400 5252       3       java.util.stream.Streams$StreamBuilderImpl::<init> (16 bytes)
Event: 15.891 Thread 0x00007fd71909c400 nmethod 5252 0x000007fa83235f10 code [0x000007fa832360c0, 0x000007fa832362f8]
Event: 15.899 Thread 0x00007fd719858600 nmethod 5227% 0x000007fa8a596e10 code [0x000007fa8a596fc0, 0x000007fa8a597738]
Event: 15.899 Thread 0x00007fd719858600 5244 %     4       sun.nio.fs.MacOSXFileSystem::normalizeJavaPath @ 2 (45 bytes)

GC Heap History (20 events):
Event: 7.645 GC heap before
{Heap before GC invocations=8 (full 0):
 garbage-first heap   total 71680K, used 35061K [0x0000000780000000, 0x0000000800000000)
  region size 1024K, 6 young (6144K), 2 survivors (2048K)
 Metaspace       used 30248K, committed 30528K, reserved 1114112K
  class space    used 4342K, committed 4480K, reserved 1048576K
}
Event: 7.660 GC heap after
{Heap after GC invocations=9 (full 0):
 garbage-first heap   total 71680K, used 35219K [0x0000000780000000, 0x0000000800000000)
  region size 1024K, 4 young (4096K), 4 survivors (4096K)
 Metaspace       used 30248K, committed 30528K, reserved 1114112K
  class space    used 4342K, committed 4480K, reserved 1048576K
}
Event: 7.732 GC heap before
{Heap before GC invocations=9 (full 0):
 garbage-first heap   total 71680K, used 39315K [0x0000000780000000, 0x0000000800000000)
  region size 1024K, 6 young (6144K), 4 survivors (4096K)
 Metaspace       used 30314K, committed 30592K, reserved 1114112K
  class space    used 4352K, committed 4480K, reserved 1048576K
}
Event: 7.738 GC heap after
{Heap after GC invocations=10 (full 0):
 garbage-first heap   total 71680K, used 39481K [0x0000000780000000, 0x0000000800000000)
  region size 1024K, 1 young (1024K), 1 survivors (1024K)
 Metaspace       used 30314K, committed 30592K, reserved 1114112K
  class space    used 4352K, committed 4480K, reserved 1048576K
}
Event: 8.259 GC heap before
{Heap before GC invocations=11 (full 0):
 garbage-first heap   total 71680K, used 50745K [0x0000000780000000, 0x0000000800000000)
  region size 1024K, 12 young (12288K), 1 survivors (1024K)
 Metaspace       used 31861K, committed 32256K, reserved 1114112K
  class space    used 4580K, committed 4736K, reserved 1048576K
}
Event: 8.262 GC heap after
{Heap after GC invocations=12 (full 0):
 garbage-first heap   total 71680K, used 41050K [0x0000000780000000, 0x0000000800000000)
  region size 1024K, 2 young (2048K), 2 survivors (2048K)
 Metaspace       used 31861K, committed 32256K, reserved 1114112K
  class space    used 4580K, committed 4736K, reserved 1048576K
}
Event: 8.295 GC heap before
{Heap before GC invocations=12 (full 0):
 garbage-first heap   total 71680K, used 42074K [0x0000000780000000, 0x0000000800000000)
  region size 1024K, 3 young (3072K), 2 survivors (2048K)
 Metaspace       used 31933K, committed 32256K, reserved 1114112K
  class space    used 4595K, committed 4736K, reserved 1048576K
}
Event: 8.298 GC heap after
{Heap after GC invocations=13 (full 0):
 garbage-first heap   total 71680K, used 40235K [0x0000000780000000, 0x0000000800000000)
  region size 1024K, 1 young (1024K), 1 survivors (1024K)
 Metaspace       used 31933K, committed 32256K, reserved 1114112K
  class space    used 4595K, committed 4736K, reserved 1048576K
}
Event: 8.909 GC heap before
{Heap before GC invocations=13 (full 0):
 garbage-first heap   total 71680K, used 52523K [0x0000000780000000, 0x0000000800000000)
  region size 1024K, 13 young (13312K), 1 survivors (1024K)
 Metaspace       used 33199K, committed 33536K, reserved 1114112K
  class space    used 4822K, committed 4992K, reserved 1048576K
}
Event: 8.913 GC heap after
{Heap after GC invocations=14 (full 0):
 garbage-first heap   total 138240K, used 40697K [0x0000000780000000, 0x0000000800000000)
  region size 1024K, 1 young (1024K), 1 survivors (1024K)
 Metaspace       used 33199K, committed 33536K, reserved 1114112K
  class space    used 4822K, committed 4992K, reserved 1048576K
}
Event: 10.994 GC heap before
{Heap before GC invocations=15 (full 0):
 garbage-first heap   total 138240K, used 87801K [0x0000000780000000, 0x0000000800000000)
  region size 1024K, 47 young (48128K), 1 survivors (1024K)
 Metaspace       used 41046K, committed 41472K, reserved 1114112K
  class space    used 5898K, committed 6080K, reserved 1048576K
}
Event: 11.004 GC heap after
{Heap after GC invocations=16 (full 0):
 garbage-first heap   total 138240K, used 43760K [0x0000000780000000, 0x0000000800000000)
  region size 1024K, 4 young (4096K), 4 survivors (4096K)
 Metaspace       used 41046K, committed 41472K, reserved 1114112K
  class space    used 5898K, committed 6080K, reserved 1048576K
}
Event: 12.478 GC heap before
{Heap before GC invocations=16 (full 0):
 garbage-first heap   total 138240K, used 97008K [0x0000000780000000, 0x0000000800000000)
  region size 1024K, 52 young (53248K), 4 survivors (4096K)
 Metaspace       used 45663K, committed 46080K, reserved 1114112K
  class space    used 6415K, committed 6592K, reserved 1048576K
}
Event: 12.494 GC heap after
{Heap after GC invocations=17 (full 0):
 garbage-first heap   total 138240K, used 48081K [0x0000000780000000, 0x0000000800000000)
  region size 1024K, 7 young (7168K), 7 survivors (7168K)
 Metaspace       used 45663K, committed 46080K, reserved 1114112K
  class space    used 6415K, committed 6592K, reserved 1048576K
}
Event: 14.093 GC heap before
{Heap before GC invocations=17 (full 0):
 garbage-first heap   total 138240K, used 110545K [0x0000000780000000, 0x0000000800000000)
  region size 1024K, 55 young (56320K), 7 survivors (7168K)
 Metaspace       used 49450K, committed 49856K, reserved 1114112K
  class space    used 7045K, committed 7232K, reserved 1048576K
}
Event: 14.109 GC heap after
{Heap after GC invocations=18 (full 0):
 garbage-first heap   total 138240K, used 67754K [0x0000000780000000, 0x0000000800000000)
  region size 1024K, 6 young (6144K), 6 survivors (6144K)
 Metaspace       used 49450K, committed 49856K, reserved 1114112K
  class space    used 7045K, committed 7232K, reserved 1048576K
}
Event: 14.369 GC heap before
{Heap before GC invocations=18 (full 0):
 garbage-first heap   total 138240K, used 76970K [0x0000000780000000, 0x0000000800000000)
  region size 1024K, 17 young (17408K), 6 survivors (6144K)
 Metaspace       used 50327K, committed 50816K, reserved 1114112K
  class space    used 7152K, committed 7360K, reserved 1048576K
}
Event: 14.380 GC heap after
{Heap after GC invocations=19 (full 0):
 garbage-first heap   total 138240K, used 69805K [0x0000000780000000, 0x0000000800000000)
  region size 1024K, 2 young (2048K), 2 survivors (2048K)
 Metaspace       used 50327K, committed 50816K, reserved 1114112K
  class space    used 7152K, committed 7360K, reserved 1048576K
}
Event: 15.521 GC heap before
{Heap before GC invocations=20 (full 0):
 garbage-first heap   total 138240K, used 109741K [0x0000000780000000, 0x0000000800000000)
  region size 1024K, 39 young (39936K), 2 survivors (2048K)
 Metaspace       used 53597K, committed 54080K, reserved 1114112K
  class space    used 7581K, committed 7808K, reserved 1048576K
}
Event: 15.528 GC heap after
{Heap after GC invocations=21 (full 0):
 garbage-first heap   total 138240K, used 72069K [0x0000000780000000, 0x0000000800000000)
  region size 1024K, 5 young (5120K), 5 survivors (5120K)
 Metaspace       used 53597K, committed 54080K, reserved 1114112K
  class space    used 7581K, committed 7808K, reserved 1048576K
}

Dll operation events (13 events):
Event: 0.012 Loaded shared library /Applications/Android Studio 2.app/Contents/jbr/Contents/Home/lib/libjava.dylib
Event: 0.392 Loaded shared library /Applications/Android Studio 2.app/Contents/jbr/Contents/Home/lib/libzip.dylib
Event: 0.396 Loaded shared library /Applications/Android Studio 2.app/Contents/jbr/Contents/Home/lib/libinstrument.dylib
Event: 0.415 Loaded shared library /Applications/Android Studio 2.app/Contents/jbr/Contents/Home/lib/libnio.dylib
Event: 0.441 Loaded shared library /Applications/Android Studio 2.app/Contents/jbr/Contents/Home/lib/libzip.dylib
Event: 0.865 Loaded shared library /Applications/Android Studio 2.app/Contents/jbr/Contents/Home/lib/libjimage.dylib
Event: 1.120 Loaded shared library /Applications/Android Studio 2.app/Contents/jbr/Contents/Home/lib/libverify.dylib
Event: 1.566 Loaded shared library /Applications/Android Studio 2.app/Contents/jbr/Contents/Home/lib/libnet.dylib
Event: 1.577 Loaded shared library /Users/hav/.gradle/native/c067742578af261105cb4f569cf0c3c89f3d7b1fecec35dd04571415982c5e48/osx-amd64/libnative-platform.dylib
Event: 1.592 Loaded shared library /Users/hav/.gradle/native/100fb08df4bc3b14c8652ba06237920a3bd2aa13389f12d3474272988ae205f9/osx-amd64/libnative-platform-file-events.dylib
Event: 3.541 Loaded shared library /Applications/Android Studio 2.app/Contents/jbr/Contents/Home/lib/libmanagement.dylib
Event: 3.546 Loaded shared library /Applications/Android Studio 2.app/Contents/jbr/Contents/Home/lib/libmanagement_ext.dylib
Event: 3.826 Loaded shared library /Applications/Android Studio 2.app/Contents/jbr/Contents/Home/lib/libextnet.dylib

Deoptimization events (20 events):
Event: 15.410 Thread 0x00007fd71987a000 Uncommon trap: trap_request=0xffffffc6 fr.pc=0x000007fa8a491ec8 relative=0x0000000000000448
Event: 15.410 Thread 0x00007fd71987a000 Uncommon trap: reason=bimorphic_or_optimized_type_check action=maybe_recompile pc=0x000007fa8a491ec8 method=java.util.Spliterators$IteratorSpliterator.tryAdvance(Ljava/util/function/Consumer;)Z @ 50 c2
Event: 15.410 Thread 0x00007fd71987a000 DEOPT PACKING pc=0x000007fa8a491ec8 sp=0x0000700010d21d70
Event: 15.410 Thread 0x00007fd71987a000 DEOPT UNPACKING pc=0x000007fa89d956a1 sp=0x0000700010d21d30 mode 2
Event: 15.424 Thread 0x00007fd71987a000 Uncommon trap: trap_request=0xffffffc6 fr.pc=0x000007fa8a40e678 relative=0x0000000000000858
Event: 15.424 Thread 0x00007fd71987a000 Uncommon trap: reason=bimorphic_or_optimized_type_check action=maybe_recompile pc=0x000007fa8a40e678 method=java.io.BufferedInputStream.read([BII)I @ 101 c2
Event: 15.424 Thread 0x00007fd71987a000 DEOPT PACKING pc=0x000007fa8a40e678 sp=0x0000700010d21820
Event: 15.424 Thread 0x00007fd71987a000 DEOPT UNPACKING pc=0x000007fa89d956a1 sp=0x0000700010d217f8 mode 2
Event: 15.796 Thread 0x00007fd71987a000 Uncommon trap: trap_request=0xffffff6e fr.pc=0x000007fa8a593888 relative=0x0000000000000488
Event: 15.796 Thread 0x00007fd71987a000 Uncommon trap: reason=loop_limit_check action=maybe_recompile pc=0x000007fa8a593888 method=org.antlr.v4.runtime.BufferedTokenStream.previousTokenOnChannel(II)I @ 22 c2
Event: 15.796 Thread 0x00007fd71987a000 DEOPT PACKING pc=0x000007fa8a593888 sp=0x0000700010d213e0
Event: 15.796 Thread 0x00007fd71987a000 DEOPT UNPACKING pc=0x000007fa89d956a1 sp=0x0000700010d212b0 mode 2
Event: 15.826 Thread 0x00007fd71987a000 Uncommon trap: trap_request=0xffffffde fr.pc=0x000007fa8a50a2a8 relative=0x0000000000000428
Event: 15.826 Thread 0x00007fd71987a000 Uncommon trap: reason=class_check action=maybe_recompile pc=0x000007fa8a50a2a8 method=java.util.stream.MatchOps$MatchOp.evaluateSequential(Ljava/util/stream/PipelineHelper;Ljava/util/Spliterator;)Ljava/lang/Boolean; @ 14 c2
Event: 15.826 Thread 0x00007fd71987a000 DEOPT PACKING pc=0x000007fa8a50a2a8 sp=0x0000700010d20310
Event: 15.827 Thread 0x00007fd71987a000 DEOPT UNPACKING pc=0x000007fa89d956a1 sp=0x0000700010d20258 mode 2
Event: 15.829 Thread 0x00007fd71987a000 Uncommon trap: trap_request=0xffffffde fr.pc=0x000007fa8a50a2a8 relative=0x0000000000000428
Event: 15.829 Thread 0x00007fd71987a000 Uncommon trap: reason=class_check action=maybe_recompile pc=0x000007fa8a50a2a8 method=java.util.stream.MatchOps$MatchOp.evaluateSequential(Ljava/util/stream/PipelineHelper;Ljava/util/Spliterator;)Ljava/lang/Boolean; @ 14 c2
Event: 15.829 Thread 0x00007fd71987a000 DEOPT PACKING pc=0x000007fa8a50a2a8 sp=0x0000700010d1ff90
Event: 15.829 Thread 0x00007fd71987a000 DEOPT UNPACKING pc=0x000007fa89d956a1 sp=0x0000700010d1fed8 mode 2

Classes unloaded (0 events):
No events

Classes redefined (0 events):
No events

Internal exceptions (20 events):
Event: 15.012 Thread 0x00007fd71987a000 Exception <a 'java/lang/ClassNotFoundException'{0x0000000786f771b0}: settings_abbfp7d9c2bos8m5ucnn173umCustomizer> (0x0000000786f771b0) 
thrown [src/hotspot/share/classfile/systemDictionary.cpp, line 256]
Event: 15.026 Thread 0x00007fd71987a000 Exception <a 'java/lang/ClassNotFoundException'{0x0000000786fd9748}: org/gradle/internal/management/DefaultDependencyResolutionManagement_DecoratedBeanInfo> (0x0000000786fd9748) 
thrown [src/hotspot/share/classfile/systemDictionary.cpp, line 256]
Event: 15.027 Thread 0x00007fd71987a000 Exception <a 'java/lang/ClassNotFoundException'{0x0000000786fef728}: org/gradle/internal/management/DefaultDependencyResolutionManagementBeanInfo> (0x0000000786fef728) 
thrown [src/hotspot/share/classfile/systemDictionary.cpp, line 256]
Event: 15.030 Thread 0x00007fd71987a000 Exception <a 'java/lang/ClassNotFoundException'{0x0000000786e051b0}: org/gradle/internal/management/DefaultDependencyResolutionManagementCustomizer> (0x0000000786e051b0) 
thrown [src/hotspot/share/classfile/systemDictionary.cpp, line 256]
Event: 15.032 Thread 0x00007fd71987a000 Exception <a 'java/lang/ClassNotFoundException'{0x0000000786e2dd08}: org/gradle/internal/management/DefaultDependencyResolutionManagement_DecoratedCustomizer> (0x0000000786e2dd08) 
thrown [src/hotspot/share/classfile/systemDictionary.cpp, line 256]
Event: 15.041 Thread 0x00007fd71987a000 Exception <a 'java/lang/ClassNotFoundException'{0x0000000786e7f0f8}: org/gradle/api/initialization/resolve/RepositoriesModeBeanInfo> (0x0000000786e7f0f8) 
thrown [src/hotspot/share/classfile/systemDictionary.cpp, line 256]
Event: 15.042 Thread 0x00007fd71987a000 Exception <a 'java/lang/ClassNotFoundException'{0x0000000786e84c88}: java/lang/EnumBeanInfo> (0x0000000786e84c88) 
thrown [src/hotspot/share/classfile/systemDictionary.cpp, line 256]
Event: 15.042 Thread 0x00007fd71987a000 Exception <a 'java/lang/ClassNotFoundException'{0x0000000786e8a590}: java/lang/EnumCustomizer> (0x0000000786e8a590) 
thrown [src/hotspot/share/classfile/systemDictionary.cpp, line 256]
Event: 15.044 Thread 0x00007fd71987a000 Exception <a 'java/lang/ClassNotFoundException'{0x0000000786ea5440}: org/gradle/api/initialization/resolve/RepositoriesModeCustomizer> (0x0000000786ea5440) 
thrown [src/hotspot/share/classfile/systemDictionary.cpp, line 256]
Event: 15.070 Thread 0x00007fd71987a000 Exception <a 'java/lang/ClassNotFoundException'{0x0000000786d18740}: org/gradle/api/internal/provider/DefaultPropertyBeanInfo> (0x0000000786d18740) 
thrown [src/hotspot/share/classfile/systemDictionary.cpp, line 256]
Event: 15.075 Thread 0x00007fd71987a000 Exception <a 'java/lang/ClassNotFoundException'{0x0000000786d2b070}: org/gradle/api/internal/provider/AbstractPropertyBeanInfo> (0x0000000786d2b070) 
thrown [src/hotspot/share/classfile/systemDictionary.cpp, line 256]
Event: 15.078 Thread 0x00007fd71987a000 Exception <a 'java/lang/ClassNotFoundException'{0x0000000786d3e0a8}: org/gradle/api/internal/provider/AbstractMinimalProviderBeanInfo> (0x0000000786d3e0a8) 
thrown [src/hotspot/share/classfile/systemDictionary.cpp, line 256]
Event: 15.080 Thread 0x00007fd71987a000 Exception <a 'java/lang/ClassNotFoundException'{0x0000000786d50bc8}: org/gradle/api/internal/provider/AbstractMinimalProviderCustomizer> (0x0000000786d50bc8) 
thrown [src/hotspot/share/classfile/systemDictionary.cpp, line 256]
Event: 15.084 Thread 0x00007fd71987a000 Exception <a 'java/lang/ClassNotFoundException'{0x0000000786d7f270}: org/gradle/api/internal/provider/AbstractPropertyCustomizer> (0x0000000786d7f270) 
thrown [src/hotspot/share/classfile/systemDictionary.cpp, line 256]
Event: 15.088 Thread 0x00007fd71987a000 Exception <a 'java/lang/ClassNotFoundException'{0x0000000786da0048}: org/gradle/api/internal/provider/DefaultPropertyCustomizer> (0x0000000786da0048) 
thrown [src/hotspot/share/classfile/systemDictionary.cpp, line 256]
Event: 15.099 Thread 0x00007fd71987a000 Exception <a 'java/lang/ClassNotFoundException'{0x0000000786df8b18}: org/gradle/initialization/DefaultProjectDescriptorBeanInfo> (0x0000000786df8b18) 
thrown [src/hotspot/share/classfile/systemDictionary.cpp, line 256]
Event: 15.100 Thread 0x00007fd71987a000 Exception <a 'java/lang/ClassNotFoundException'{0x0000000786c09c60}: org/gradle/initialization/DefaultProjectDescriptorCustomizer> (0x0000000786c09c60) 
thrown [src/hotspot/share/classfile/systemDictionary.cpp, line 256]
Event: 15.221 Thread 0x00007fd71987a000 Exception <a 'java/lang/ClassNotFoundException'{0x00000007869c0fd8}: org/jetbrains/plugins/gradle/model/web/WebConfigurationBeanInfo> (0x00000007869c0fd8) 
thrown [src/hotspot/share/classfile/systemDictionary.cpp, line 256]
Event: 15.222 Thread 0x00007fd71987a000 Exception <a 'java/lang/ClassNotFoundException'{0x00000007869c9820}: org/jetbrains/plugins/gradle/model/web/WebConfigurationCustomizer> (0x00000007869c9820) 
thrown [src/hotspot/share/classfile/systemDictionary.cpp, line 256]
Event: 15.796 Thread 0x00007fd71987a000 Exception <a 'java/lang/NoSuchMethodError'{0x000000078cbd7240}: 'void java.lang.invoke.DirectMethodHandle$Holder.invokeStatic(java.lang.Object, java.lang.Object, java.lang.Object, java.lang.Object, java.lang.Object, java.lang.Object, java.lang.Object)'> (0x000000078cbd7240) 
thrown [src/hotspot/share/interpreter/linkResolver.cpp, line 771]

VM Operations (20 events):
Event: 12.477 Executing VM operation: G1CollectForAllocation
Event: 12.494 Executing VM operation: G1CollectForAllocation done
Event: 13.237 Executing VM operation: HandshakeAllThreads
Event: 13.237 Executing VM operation: HandshakeAllThreads done
Event: 13.489 Executing VM operation: ICBufferFull
Event: 13.489 Executing VM operation: ICBufferFull done
Event: 14.060 Executing VM operation: HandshakeAllThreads
Event: 14.061 Executing VM operation: HandshakeAllThreads done
Event: 14.093 Executing VM operation: G1CollectForAllocation
Event: 14.111 Executing VM operation: G1CollectForAllocation done
Event: 14.369 Executing VM operation: G1TryInitiateConcMark
Event: 14.387 Executing VM operation: G1TryInitiateConcMark done
Event: 14.463 Executing VM operation: G1PauseRemark
Event: 14.485 Executing VM operation: G1PauseRemark done
Event: 14.534 Executing VM operation: G1PauseCleanup
Event: 14.537 Executing VM operation: G1PauseCleanup done
Event: 15.520 Executing VM operation: G1CollectForAllocation
Event: 15.531 Executing VM operation: G1CollectForAllocation done
Event: 15.843 Executing VM operation: HandshakeAllThreads
Event: 15.843 Executing VM operation: HandshakeAllThreads done

Events (20 events):
Event: 15.324 loading class javax/net/ssl/SSLException
Event: 15.324 loading class javax/net/ssl/SSLException done
Event: 15.324 loading class javax/net/ssl/SSLPeerUnverifiedException
Event: 15.324 loading class javax/net/ssl/SSLPeerUnverifiedException done
Event: 15.325 loading class javax/naming/NamingException
Event: 15.325 loading class javax/naming/NamingException done
Event: 15.325 loading class javax/naming/InvalidNameException
Event: 15.325 loading class javax/naming/InvalidNameException done
Event: 15.325 loading class java/security/cert/CertificateParsingException
Event: 15.325 loading class java/security/cert/CertificateException
Event: 15.325 loading class java/security/cert/CertificateException done
Event: 15.325 loading class java/security/cert/CertificateParsingException done
Event: 15.422 loading class java/nio/channels/Channels$ReadableByteChannelImpl
Event: 15.422 loading class java/nio/channels/Channels$ReadableByteChannelImpl done
Event: 15.443 loading class java/util/EmptyStackException
Event: 15.443 loading class java/util/EmptyStackException done
Event: 15.454 loading class java/io/InvalidClassException
Event: 15.455 loading class java/io/InvalidClassException done
Event: 15.813 loading class java/util/Comparators$NaturalOrderComparator
Event: 15.813 loading class java/util/Comparators$NaturalOrderComparator done


Dynamic libraries:
0x0000000102682000 	/Applications/Android Studio 2.app/Contents/jbr/Contents/Home/lib/libjli.dylib
0x00007fff4674d000 	/System/Library/Frameworks/Cocoa.framework/Versions/A/Cocoa
0x00007fff52db0000 	/System/Library/Frameworks/Security.framework/Versions/A/Security
0x00007fff4538b000 	/System/Library/Frameworks/ApplicationServices.framework/Versions/A/ApplicationServices
0x00007fff6cc1e000 	/usr/lib/libSystem.B.dylib
0x00007fff46f0e000 	/System/Library/Frameworks/CoreFoundation.framework/Versions/A/CoreFoundation
0x00007fff6e359000 	/usr/lib/libobjc.A.dylib
0x00007fff4908a000 	/System/Library/Frameworks/Foundation.framework/Versions/C/Foundation
0x00007fff444db000 	/System/Library/Frameworks/AppKit.framework/Versions/C/AppKit
0x00007fff46ac5000 	/System/Library/Frameworks/CoreData.framework/Versions/A/CoreData
0x00007fff664d1000 	/System/Library/PrivateFrameworks/RemoteViewServices.framework/Versions/A/RemoteViewServices
0x00007fff6ac4f000 	/System/Library/PrivateFrameworks/UIFoundation.framework/Versions/A/UIFoundation
0x00007fff5b2c9000 	/System/Library/PrivateFrameworks/DFRFoundation.framework/Versions/A/DFRFoundation
0x00007fff4b70f000 	/System/Library/Frameworks/Metal.framework/Versions/A/Metal
0x00007fff5b466000 	/System/Library/PrivateFrameworks/DesktopServicesPriv.framework/Versions/A/DesktopServicesPriv
0x00007fff6d8a6000 	/usr/lib/libenergytrace.dylib
0x00007fff68cb9000 	/System/Library/PrivateFrameworks/SkyLight.framework/Versions/A/SkyLight
0x00007fff473ac000 	/System/Library/Frameworks/CoreGraphics.framework/Versions/A/CoreGraphics
0x00007fff6cc19000 	/usr/lib/libScreenReader.dylib
0x00007fff431ed000 	/System/Library/Frameworks/Accelerate.framework/Versions/A/Accelerate
0x00007fff49805000 	/System/Library/Frameworks/IOSurface.framework/Versions/A/IOSurface
0x00007fff458d6000 	/System/Library/Frameworks/AudioToolbox.framework/Versions/A/AudioToolbox
0x00007fff45b66000 	/System/Library/Frameworks/AudioUnit.framework/Versions/A/AudioUnit
0x00007fff5b361000 	/System/Library/PrivateFrameworks/DataDetectorsCore.framework/Versions/A/DataDetectorsCore
0x00007fff46240000 	/System/Library/Frameworks/Carbon.framework/Versions/A/Frameworks/HIToolbox.framework/Versions/A/HIToolbox
0x00007fff6da00000 	/usr/lib/libicucore.A.dylib
0x00007fff6ed70000 	/usr/lib/libz.1.dylib
0x00007fff5232c000 	/System/Library/Frameworks/QuartzCore.framework/Versions/A/QuartzCore
0x00007fff67f5a000 	/System/Library/PrivateFrameworks/SignpostNotification.framework/Versions/A/SignpostNotification
0x00007fff46626000 	/System/Library/Frameworks/Carbon.framework/Versions/A/Frameworks/SpeechRecognition.framework/Versions/A/SpeechRecognition
0x00007fff6cdfc000 	/usr/lib/libauto.dylib
0x00007fff6ec5f000 	/usr/lib/libxml2.2.dylib
0x00007fff5af19000 	/System/Library/PrivateFrameworks/CoreUI.framework/Versions/A/CoreUI
0x00007fff469a1000 	/System/Library/Frameworks/CoreAudio.framework/Versions/A/CoreAudio
0x00007fff48ec4000 	/System/Library/Frameworks/DiskArbitration.framework/Versions/A/DiskArbitration
0x00007fff6dc74000 	/usr/lib/liblangid.dylib
0x00007fff629d5000 	/System/Library/PrivateFrameworks/MultitouchSupport.framework/Versions/A/MultitouchSupport
0x00007fff49768000 	/System/Library/Frameworks/IOKit.framework/Versions/A/IOKit
0x00007fff6c8a8000 	/usr/lib/libDiagnosticMessagesClient.dylib
0x00007fff480a1000 	/System/Library/Frameworks/CoreServices.framework/Versions/A/CoreServices
0x00007fff6450d000 	/System/Library/PrivateFrameworks/PerformanceAnalysis.framework/Versions/A/PerformanceAnalysis
0x00007fff514c9000 	/System/Library/Frameworks/OpenGL.framework/Versions/A/OpenGL
0x00007fff4675b000 	/System/Library/Frameworks/ColorSync.framework/Versions/A/ColorSync
0x00007fff479dd000 	/System/Library/Frameworks/CoreImage.framework/Versions/A/CoreImage
0x00007fff48a32000 	/System/Library/Frameworks/CoreText.framework/Versions/A/CoreText
0x00007fff49863000 	/System/Library/Frameworks/ImageIO.framework/Versions/A/ImageIO
0x00007fff57bc3000 	/System/Library/PrivateFrameworks/Backup.framework/Versions/A/Backup
0x00007fff6ccca000 	/usr/lib/libarchive.2.dylib
0x00007fff45e89000 	/System/Library/Frameworks/CFNetwork.framework/Versions/A/CFNetwork
0x00007fff53543000 	/System/Library/Frameworks/SystemConfiguration.framework/Versions/A/SystemConfiguration
0x00007fff6c7d1000 	/usr/lib/libCRFSuite.dylib
0x00007fff6ced6000 	/usr/lib/libc++.1.dylib
0x00007fff6cf2d000 	/usr/lib/libc++abi.dylib
0x00007fff6ee1e000 	/usr/lib/system/libcache.dylib
0x00007fff6ee23000 	/usr/lib/system/libcommonCrypto.dylib
0x00007fff6ee2e000 	/usr/lib/system/libcompiler_rt.dylib
0x00007fff6ee36000 	/usr/lib/system/libcopyfile.dylib
0x00007fff6ee40000 	/usr/lib/system/libcorecrypto.dylib
0x00007fff6ef4d000 	/usr/lib/system/libdispatch.dylib
0x00007fff6ef87000 	/usr/lib/system/libdyld.dylib
0x00007fff6efa5000 	/usr/lib/system/libkeymgr.dylib
0x00007fff6efb3000 	/usr/lib/system/liblaunch.dylib
0x00007fff6efb4000 	/usr/lib/system/libmacho.dylib
0x00007fff6efb9000 	/usr/lib/system/libquarantine.dylib
0x00007fff6efbc000 	/usr/lib/system/libremovefile.dylib
0x00007fff6efbe000 	/usr/lib/system/libsystem_asl.dylib
0x00007fff6efd6000 	/usr/lib/system/libsystem_blocks.dylib
0x00007fff6efd7000 	/usr/lib/system/libsystem_c.dylib
0x00007fff6f061000 	/usr/lib/system/libsystem_configuration.dylib
0x00007fff6f065000 	/usr/lib/system/libsystem_coreservices.dylib
0x00007fff6f069000 	/usr/lib/system/libsystem_darwin.dylib
0x00007fff6f06b000 	/usr/lib/system/libsystem_dnssd.dylib
0x00007fff6f072000 	/usr/lib/system/libsystem_info.dylib
0x00007fff6f0e3000 	/usr/lib/system/libsystem_m.dylib
0x00007fff6f12f000 	/usr/lib/system/libsystem_malloc.dylib
0x00007fff6f14f000 	/usr/lib/system/libsystem_network.dylib
0x00007fff6f280000 	/usr/lib/system/libsystem_networkextension.dylib
0x00007fff6f28b000 	/usr/lib/system/libsystem_notify.dylib
0x00007fff6f2a9000 	/usr/lib/system/libsystem_sandbox.dylib
0x00007fff6f2ad000 	/usr/lib/system/libsystem_secinit.dylib
0x00007fff6f0bc000 	/usr/lib/system/libsystem_kernel.dylib
0x00007fff6f295000 	/usr/lib/system/libsystem_platform.dylib
0x00007fff6f29d000 	/usr/lib/system/libsystem_pthread.dylib
0x00007fff6f2af000 	/usr/lib/system/libsystem_symptoms.dylib
0x00007fff6f2b7000 	/usr/lib/system/libsystem_trace.dylib
0x00007fff6f2cd000 	/usr/lib/system/libunwind.dylib
0x00007fff6f2d3000 	/usr/lib/system/libxpc.dylib
0x00007fff6c6e4000 	/usr/lib/closure/libclosured.dylib
0x00007fff6ceb7000 	/usr/lib/libbsm.0.dylib
0x00007fff6efa6000 	/usr/lib/system/libkxld.dylib
0x00007fff6cae2000 	/usr/lib/libOpenScriptingUtil.dylib
0x00007fff6d226000 	/usr/lib/libcoretls.dylib
0x00007fff6d23f000 	/usr/lib/libcoretls_cfhelpers.dylib
0x00007fff6e75d000 	/usr/lib/libpam.2.dylib
0x00007fff6e888000 	/usr/lib/libsqlite3.dylib
0x00007fff6ec4e000 	/usr/lib/libxar.1.dylib
0x00007fff6cec8000 	/usr/lib/libbz2.1.0.dylib
0x00007fff6dc76000 	/usr/lib/liblzma.5.dylib
0x00007fff6e157000 	/usr/lib/libnetwork.dylib
0x00007fff6ccb3000 	/usr/lib/libapple_nghttp2.dylib
0x00007fff6e764000 	/usr/lib/libpcap.A.dylib
0x00007fff6cdfd000 	/usr/lib/libboringssl.dylib
0x00007fff6ebe9000 	/usr/lib/libusrtcp.dylib
0x00007fff6ccb2000 	/usr/lib/libapple_crypto.dylib
0x00007fff48424000 	/System/Library/Frameworks/CoreServices.framework/Versions/A/Frameworks/FSEvents.framework/Versions/A/FSEvents
0x00007fff48117000 	/System/Library/Frameworks/CoreServices.framework/Versions/A/Frameworks/CarbonCore.framework/Versions/A/CarbonCore
0x00007fff485ec000 	/System/Library/Frameworks/CoreServices.framework/Versions/A/Frameworks/Metadata.framework/Versions/A/Metadata
0x00007fff4869d000 	/System/Library/Frameworks/CoreServices.framework/Versions/A/Frameworks/OSServices.framework/Versions/A/OSServices
0x00007fff486fe000 	/System/Library/Frameworks/CoreServices.framework/Versions/A/Frameworks/SearchKit.framework/Versions/A/SearchKit
0x00007fff480a2000 	/System/Library/Frameworks/CoreServices.framework/Versions/A/Frameworks/AE.framework/Versions/A/AE
0x00007fff4842d000 	/System/Library/Frameworks/CoreServices.framework/Versions/A/Frameworks/LaunchServices.framework/Versions/A/LaunchServices
0x00007fff483ef000 	/System/Library/Frameworks/CoreServices.framework/Versions/A/Frameworks/DictionaryServices.framework/Versions/A/DictionaryServices
0x00007fff4876d000 	/System/Library/Frameworks/CoreServices.framework/Versions/A/Frameworks/SharedFileList.framework/Versions/A/SharedFileList
0x00007fff4c945000 	/System/Library/Frameworks/NetFS.framework/Versions/A/NetFS
0x00007fff62c66000 	/System/Library/PrivateFrameworks/NetAuth.framework/Versions/A/NetAuth
0x00007fff6c57b000 	/System/Library/PrivateFrameworks/login.framework/Versions/A/Frameworks/loginsupport.framework/Versions/A/loginsupport
0x00007fff6a8cc000 	/System/Library/PrivateFrameworks/TCC.framework/Versions/A/TCC
0x00007fff6dd57000 	/usr/lib/libmecabra.dylib
0x00007fff4538c000 	/System/Library/Frameworks/ApplicationServices.framework/Versions/A/Frameworks/ATS.framework/Versions/A/ATS
0x00007fff4573b000 	/System/Library/Frameworks/ApplicationServices.framework/Versions/A/Frameworks/ColorSyncLegacy.framework/Versions/A/ColorSyncLegacy
0x00007fff457df000 	/System/Library/Frameworks/ApplicationServices.framework/Versions/A/Frameworks/HIServices.framework/Versions/A/HIServices
0x00007fff45832000 	/System/Library/Frameworks/ApplicationServices.framework/Versions/A/Frameworks/LangAnalysis.framework/Versions/A/LangAnalysis
0x00007fff45841000 	/System/Library/Frameworks/ApplicationServices.framework/Versions/A/Frameworks/PrintCore.framework/Versions/A/PrintCore
0x00007fff4588e000 	/System/Library/Frameworks/ApplicationServices.framework/Versions/A/Frameworks/QD.framework/Versions/A/QD
0x00007fff458c9000 	/System/Library/Frameworks/ApplicationServices.framework/Versions/A/Frameworks/SpeechSynthesis.framework/Versions/A/SpeechSynthesis
0x00007fff46e2a000 	/System/Library/Frameworks/CoreDisplay.framework/Versions/A/CoreDisplay
0x00007fff43206000 	/System/Library/Frameworks/Accelerate.framework/Versions/A/Frameworks/vImage.framework/Versions/A/vImage
0x00007fff441e7000 	/System/Library/Frameworks/Accelerate.framework/Versions/A/Frameworks/vecLib.framework/Versions/A/vecLib
0x00007fff43fbc000 	/System/Library/Frameworks/Accelerate.framework/Versions/A/Frameworks/vecLib.framework/Versions/A/libvDSP.dylib
0x00007fff43af6000 	/System/Library/Frameworks/Accelerate.framework/Versions/A/Frameworks/vecLib.framework/Versions/A/libBNNS.dylib
0x00007fff43f22000 	/System/Library/Frameworks/Accelerate.framework/Versions/A/Frameworks/vecLib.framework/Versions/A/libQuadrature.dylib
0x00007fff44130000 	/System/Library/Frameworks/Accelerate.framework/Versions/A/Frameworks/vecLib.framework/Versions/A/libvMisc.dylib
0x00007fff43b31000 	/System/Library/Frameworks/Accelerate.framework/Versions/A/Frameworks/vecLib.framework/Versions/A/libLAPACK.dylib
0x00007fff43955000 	/System/Library/Frameworks/Accelerate.framework/Versions/A/Frameworks/vecLib.framework/Versions/A/libBLAS.dylib
0x00007fff43f0b000 	/System/Library/Frameworks/Accelerate.framework/Versions/A/Frameworks/vecLib.framework/Versions/A/libLinearAlgebra.dylib
0x00007fff43f28000 	/System/Library/Frameworks/Accelerate.framework/Versions/A/Frameworks/vecLib.framework/Versions/A/libSparse.dylib
0x00007fff43fa9000 	/System/Library/Frameworks/Accelerate.framework/Versions/A/Frameworks/vecLib.framework/Versions/A/libSparseBLAS.dylib
0x00007fff5faa0000 	/System/Library/PrivateFrameworks/GPUWrangler.framework/Versions/A/GPUWrangler
0x00007fff61234000 	/System/Library/PrivateFrameworks/IOAccelerator.framework/Versions/A/IOAccelerator
0x00007fff6123f000 	/System/Library/PrivateFrameworks/IOPresentment.framework/Versions/A/IOPresentment
0x00007fff5b2db000 	/System/Library/PrivateFrameworks/DSExternalDisplay.framework/Versions/A/DSExternalDisplay
0x00007fff50948000 	/System/Library/Frameworks/OpenGL.framework/Versions/A/Libraries/libCoreFSCache.dylib
0x00007fff48b83000 	/System/Library/Frameworks/CoreVideo.framework/Versions/A/CoreVideo
0x00007fff6081b000 	/System/Library/PrivateFrameworks/GraphVisualizer.framework/Versions/A/GraphVisualizer
0x00007fff4b946000 	/System/Library/Frameworks/MetalPerformanceShaders.framework/Versions/A/MetalPerformanceShaders
0x00007fff6c8e0000 	/usr/lib/libFosl_dynamic.dylib
0x00007fff5c3aa000 	/System/Library/PrivateFrameworks/FaceCore.framework/Versions/A/FaceCore
0x00007fff4f743000 	/System/Library/Frameworks/OpenCL.framework/Versions/A/OpenCL
0x00007fff6cf64000 	/usr/lib/libcompression.dylib
0x00007fff4548b000 	/System/Library/Frameworks/ApplicationServices.framework/Versions/A/Frameworks/ATS.framework/Versions/A/Resources/libFontParser.dylib
0x00007fff455ae000 	/System/Library/Frameworks/ApplicationServices.framework/Versions/A/Frameworks/ATS.framework/Versions/A/Resources/libFontRegistry.dylib
0x00007fff49acf000 	/System/Library/Frameworks/ImageIO.framework/Versions/A/Resources/libJPEG.dylib
0x00007fff49e0d000 	/System/Library/Frameworks/ImageIO.framework/Versions/A/Resources/libTIFF.dylib
0x00007fff49de3000 	/System/Library/Frameworks/ImageIO.framework/Versions/A/Resources/libPng.dylib
0x00007fff499e2000 	/System/Library/Frameworks/ImageIO.framework/Versions/A/Resources/libGIF.dylib
0x00007fff499e7000 	/System/Library/Frameworks/ImageIO.framework/Versions/A/Resources/libJP2.dylib
0x00007fff49e0a000 	/System/Library/Frameworks/ImageIO.framework/Versions/A/Resources/libRadiance.dylib
0x00007fff572ed000 	/System/Library/PrivateFrameworks/AppleJPEG.framework/Versions/A/AppleJPEG
0x00007fff4b7ad000 	/System/Library/Frameworks/MetalPerformanceShaders.framework/Frameworks/MPSCore.framework/Versions/A/MPSCore
0x00007fff4b7c9000 	/System/Library/Frameworks/MetalPerformanceShaders.framework/Frameworks/MPSImage.framework/Versions/A/MPSImage
0x00007fff4b85e000 	/System/Library/Frameworks/MetalPerformanceShaders.framework/Frameworks/MPSNeuralNetwork.framework/Versions/A/MPSNeuralNetwork
0x00007fff4b839000 	/System/Library/Frameworks/MetalPerformanceShaders.framework/Frameworks/MPSMatrix.framework/Versions/A/MPSMatrix
0x00007fff62737000 	/System/Library/PrivateFrameworks/MetalTools.framework/Versions/A/MetalTools
0x00007fff50b13000 	/System/Library/Frameworks/OpenGL.framework/Versions/A/Libraries/libGLU.dylib
0x00007fff50953000 	/System/Library/Frameworks/OpenGL.framework/Versions/A/Libraries/libGFXShared.dylib
0x00007fff5095d000 	/System/Library/Frameworks/OpenGL.framework/Versions/A/Libraries/libGL.dylib
0x00007fff50969000 	/System/Library/Frameworks/OpenGL.framework/Versions/A/Libraries/libGLImage.dylib
0x00007fff50945000 	/System/Library/Frameworks/OpenGL.framework/Versions/A/Libraries/libCVMSPluginSupport.dylib
0x00007fff5094e000 	/System/Library/Frameworks/OpenGL.framework/Versions/A/Libraries/libCoreVMClient.dylib
0x00007fff6d711000 	/usr/lib/libcups.2.dylib
0x00007fff4ad14000 	/System/Library/Frameworks/Kerberos.framework/Versions/A/Kerberos
0x00007fff494c2000 	/System/Library/Frameworks/GSS.framework/Versions/A/GSS
0x00007fff6e81b000 	/usr/lib/libresolv.9.dylib
0x00007fff6d90e000 	/usr/lib/libiconv.2.dylib
0x00007fff608ad000 	/System/Library/PrivateFrameworks/Heimdal.framework/Versions/A/Heimdal
0x00007fff6d8dd000 	/usr/lib/libheimdal-asn1.dylib
0x00007fff4f7bb000 	/System/Library/Frameworks/OpenDirectory.framework/Versions/A/OpenDirectory
0x00007fff59606000 	/System/Library/PrivateFrameworks/CommonAuth.framework/Versions/A/CommonAuth
0x00007fff4f79e000 	/System/Library/Frameworks/OpenDirectory.framework/Versions/A/Frameworks/CFOpenDirectory.framework/Versions/A/CFOpenDirectory
0x00007fff530dc000 	/System/Library/Frameworks/SecurityFoundation.framework/Versions/A/SecurityFoundation
0x00007fff564b0000 	/System/Library/PrivateFrameworks/APFS.framework/Versions/A/APFS
0x00007fff6ec4a000 	/usr/lib/libutil.dylib
0x00007fff57370000 	/System/Library/PrivateFrameworks/AppleSauce.framework/Versions/A/AppleSauce
0x00007fff61a1c000 	/System/Library/PrivateFrameworks/LinguisticData.framework/Versions/A/LinguisticData
0x00007fff6dc90000 	/usr/lib/libmarisa.dylib
0x00007fff619d6000 	/System/Library/PrivateFrameworks/Lexicon.framework/Versions/A/Lexicon
0x00007fff6c80b000 	/usr/lib/libChineseTokenizer.dylib
0x00007fff6cf53000 	/usr/lib/libcmph.dylib
0x00007fff618e0000 	/System/Library/PrivateFrameworks/LanguageModeling.framework/Versions/A/LanguageModeling
0x00007fff5a123000 	/System/Library/PrivateFrameworks/CoreEmoji.framework/Versions/A/CoreEmoji
0x00007fff5319a000 	/System/Library/Frameworks/ServiceManagement.framework/Versions/A/ServiceManagement
0x00007fff57bbb000 	/System/Library/PrivateFrameworks/BackgroundTaskManagement.framework/Versions/A/BackgroundTaskManagement
0x00007fff6ed47000 	/usr/lib/libxslt.1.dylib
0x00007fff46550000 	/System/Library/Frameworks/Carbon.framework/Versions/A/Frameworks/Ink.framework/Versions/A/Ink
0x00007fff6aae1000 	/System/Library/PrivateFrameworks/TextureIO.framework/Versions/A/TextureIO
0x00007fff6ccf5000 	/usr/lib/libate.dylib
0x00007fff5b23a000 	/System/Library/PrivateFrameworks/CrashReporterSupport.framework/Versions/A/CrashReporterSupport
0x00007fff67e1a000 	/System/Library/PrivateFrameworks/Sharing.framework/Versions/A/Sharing
0x00007fff61621000 	/System/Library/PrivateFrameworks/IconServices.framework/Versions/A/IconServices
0x00007fff577eb000 	/System/Library/PrivateFrameworks/AuthKit.framework/Versions/A/AuthKit
0x00007fff57170000 	/System/Library/PrivateFrameworks/Apple80211.framework/Versions/A/Apple80211
0x00007fff5b04f000 	/System/Library/PrivateFrameworks/CoreUtils.framework/Versions/A/CoreUtils
0x00007fff48bbe000 	/System/Library/Frameworks/CoreWLAN.framework/Versions/A/CoreWLAN
0x00007fff49604000 	/System/Library/Frameworks/IOBluetooth.framework/Versions/A/IOBluetooth
0x00007fff662dc000 	/System/Library/PrivateFrameworks/ProtocolBuffer.framework/Versions/A/ProtocolBuffer
0x00007fff62930000 	/System/Library/PrivateFrameworks/MobileKeyBag.framework/Versions/A/MobileKeyBag
0x00007fff5a8c7000 	/System/Library/PrivateFrameworks/CorePhoneNumbers.framework/Versions/A/CorePhoneNumbers
0x00007fff572a8000 	/System/Library/PrivateFrameworks/AppleIDAuthSupport.framework/Versions/A/AppleIDAuthSupport
0x00007fff618cc000 	/System/Library/PrivateFrameworks/KeychainCircle.framework/Versions/A/KeychainCircle
0x00007fff5b1d5000 	/System/Library/PrivateFrameworks/CoreWiFi.framework/Versions/A/CoreWiFi
0x00007fff46a9b000 	/System/Library/Frameworks/CoreBluetooth.framework/Versions/A/CoreBluetooth
0x00007fff5b425000 	/System/Library/PrivateFrameworks/DebugSymbols.framework/Versions/A/DebugSymbols
0x00007fff5ae05000 	/System/Library/PrivateFrameworks/CoreSymbolication.framework/Versions/A/CoreSymbolication
0x00007fff6a2d2000 	/System/Library/PrivateFrameworks/Symbolication.framework/Versions/A/Symbolication
0x00007fff5719a000 	/System/Library/PrivateFrameworks/AppleFSCompression.framework/Versions/A/AppleFSCompression
0x00007fff6971f000 	/System/Library/PrivateFrameworks/SpeechRecognitionCore.framework/Versions/A/SpeechRecognitionCore
0x0000000103000000 	/Applications/Android Studio 2.app/Contents/jbr/Contents/Home/lib/server/libjvm.dylib
0x00000001027c0000 	/Applications/Android Studio 2.app/Contents/jbr/Contents/Home/lib/libjimage.dylib
0x00000001027d0000 	/Applications/Android Studio 2.app/Contents/jbr/Contents/Home/lib/libinstrument.dylib
0x0000000106bd4000 	/Applications/Android Studio 2.app/Contents/jbr/Contents/Home/lib/./libjava.dylib
0x000000010a4c3000 	/Applications/Android Studio 2.app/Contents/jbr/Contents/Home/lib/./libzip.dylib
0x000000010a52e000 	/Applications/Android Studio 2.app/Contents/jbr/Contents/Home/lib/libnio.dylib
0x000000010a545000 	/Applications/Android Studio 2.app/Contents/jbr/Contents/Home/lib/./libnet.dylib
0x000000010a8e5000 	/Applications/Android Studio 2.app/Contents/jbr/Contents/Home/lib/libverify.dylib
0x000000010a8f9000 	/Users/hav/.gradle/native/c067742578af261105cb4f569cf0c3c89f3d7b1fecec35dd04571415982c5e48/osx-amd64/libnative-platform.dylib
0x000000010a905000 	/Users/hav/.gradle/native/100fb08df4bc3b14c8652ba06237920a3bd2aa13389f12d3474272988ae205f9/osx-amd64/libnative-platform-file-events.dylib
0x000000010ab6b000 	/Applications/Android Studio 2.app/Contents/jbr/Contents/Home/lib/libmanagement.dylib
0x000000010ab77000 	/Applications/Android Studio 2.app/Contents/jbr/Contents/Home/lib/libmanagement_ext.dylib
0x000000010ab84000 	/Applications/Android Studio 2.app/Contents/jbr/Contents/Home/lib/libextnet.dylib


VM Arguments:
jvm_args: --add-opens=java.base/java.util=ALL-UNNAMED --add-opens=java.base/java.lang=ALL-UNNAMED --add-opens=java.base/java.lang.invoke=ALL-UNNAMED --add-opens=java.prefs/java.util.prefs=ALL-UNNAMED --add-opens=java.base/java.nio.charset=ALL-UNNAMED --add-opens=java.base/java.net=ALL-UNNAMED --add-opens=java.base/java.util.concurrent.atomic=ALL-UNNAMED -Xmx2048m -Dfile.encoding=UTF-8 -Duser.country=RU -Duser.language=en -Duser.variant -javaagent:/Users/hav/.gradle/wrapper/dists/gradle-8.8-bin/dl7vupf4psengwqhwktix4v1/gradle-8.8/lib/agents/gradle-instrumentation-agent-8.8.jar 
java_command: org.gradle.launcher.daemon.bootstrap.GradleDaemon 8.8
java_class_path (initial): /Users/hav/.gradle/wrapper/dists/gradle-8.8-bin/dl7vupf4psengwqhwktix4v1/gradle-8.8/lib/gradle-launcher-8.8.jar
Launcher Type: SUN_STANDARD

[Global flags]
     intx CICompilerCount                          = 3                                         {product} {ergonomic}
     uint ConcGCThreads                            = 1                                         {product} {ergonomic}
     uint G1ConcRefinementThreads                  = 4                                         {product} {ergonomic}
   size_t G1HeapRegionSize                         = 1048576                                   {product} {ergonomic}
    uintx GCDrainStackTargetSize                   = 64                                        {product} {ergonomic}
   size_t InitialHeapSize                          = 268435456                                 {product} {ergonomic}
   size_t MarkStackSize                            = 4194304                                   {product} {ergonomic}
   size_t MaxHeapSize                              = 2147483648                                {product} {command line}
   size_t MaxNewSize                               = 1287651328                                {product} {ergonomic}
   size_t MinHeapDeltaBytes                        = 1048576                                   {product} {ergonomic}
   size_t MinHeapSize                              = 8388608                                   {product} {ergonomic}
    uintx NonNMethodCodeHeapSize                   = 5832780                                {pd product} {ergonomic}
    uintx NonProfiledCodeHeapSize                  = 122912730                              {pd product} {ergonomic}
    uintx ProfiledCodeHeapSize                     = 122912730                              {pd product} {ergonomic}
    uintx ReservedCodeCacheSize                    = 251658240                              {pd product} {ergonomic}
     bool SegmentedCodeCache                       = true                                      {product} {ergonomic}
   size_t SoftMaxHeapSize                          = 2147483648                             {manageable} {ergonomic}
     bool UseCompressedClassPointers               = true                           {product lp64_product} {ergonomic}
     bool UseCompressedOops                        = true                           {product lp64_product} {ergonomic}
     bool UseG1GC                                  = true                                      {product} {ergonomic}
     bool UseNUMA                                  = false                                     {product} {ergonomic}
     bool UseNUMAInterleaving                      = false                                     {product} {ergonomic}

Logging:
Log output configuration:
 #0: stdout all=warning uptime,level,tags
 #1: stderr all=off uptime,level,tags

Environment Variables:
PATH=/usr/local/bin:/usr/bin:/bin:/usr/sbin:/sbin
SHELL=/bin/bash
LC_CTYPE=en_US.UTF-8
TMPDIR=/var/folders/41/nvvt44xd7tg5q4vv3190z40c0000gn/T/

Active Locale:
LC_ALL=C
LC_COLLATE=C
LC_CTYPE=C
LC_MESSAGES=C
LC_MONETARY=C
LC_NUMERIC=C
LC_TIME=C

Signal Handlers:
   SIGSEGV: _ZL13crash_handleriP9__siginfoPv in libjvm.dylib, mask=11100110000111110111111111111111, flags=SA_RESTART|SA_SIGINFO, unblocked
    SIGBUS: _ZL13crash_handleriP9__siginfoPv in libjvm.dylib, mask=11100110000111110111111111111111, flags=SA_RESTART|SA_SIGINFO, unblocked
    SIGFPE: _ZL13crash_handleriP9__siginfoPv in libjvm.dylib, mask=11100110000111110111111111111111, flags=SA_RESTART|SA_SIGINFO, unblocked
   SIGPIPE: _ZL17javaSignalHandleriP9__siginfoPv in libjvm.dylib, mask=11100110000111110111111111111111, flags=SA_RESTART|SA_SIGINFO, blocked
   SIGXFSZ: _ZL17javaSignalHandleriP9__siginfoPv in libjvm.dylib, mask=11100110000111110111111111111111, flags=SA_RESTART|SA_SIGINFO, blocked
    SIGILL: _ZL13crash_handleriP9__siginfoPv in libjvm.dylib, mask=11100110000111110111111111111111, flags=SA_RESTART|SA_SIGINFO, unblocked
   SIGUSR2: _ZL10SR_handleriP9__siginfoP17__darwin_ucontext in libjvm.dylib, mask=00100000000000000000000000000000, flags=SA_RESTART|SA_SIGINFO, blocked
    SIGHUP: _ZL11UserHandleriPvS_ in libjvm.dylib, mask=11100110000111110111111111111111, flags=SA_RESTART|SA_SIGINFO, blocked
    SIGINT: _ZL11UserHandleriPvS_ in libjvm.dylib, mask=11100110000111110111111111111111, flags=SA_RESTART|SA_SIGINFO, blocked
   SIGTERM: _ZL11UserHandleriPvS_ in libjvm.dylib, mask=11100110000111110111111111111111, flags=SA_RESTART|SA_SIGINFO, blocked
   SIGQUIT: _ZL11UserHandleriPvS_ in libjvm.dylib, mask=11100110000111110111111111111111, flags=SA_RESTART|SA_SIGINFO, blocked
   SIGTRAP: _ZL13crash_handleriP9__siginfoPv in libjvm.dylib, mask=11100110000111110111111111111111, flags=SA_RESTART|SA_SIGINFO, unblocked


Periodic native trim disabled

JNI global refs:
JNI global refs: 23, weak refs: 0

JNI global refs memory usage: 835, weak refs: 833

Process memory usage:
Resident Set Size: 326128K (1% of 16777216K total physical memory with 3153336K free physical memory)

OOME stack traces (most recent first):
Classloader memory used:
Not available (crashed in non-Java thread)

---------------  S Y S T E M  ---------------

OS:
uname: Darwin 17.7.0 Darwin Kernel Version 17.7.0: Fri Oct 30 13:34:27 PDT 2020; root:xnu-4570.71.82.8~1/RELEASE_X86_64 x86_64
OS uptime: 0 days 0:30 hours
rlimit (soft/hard): STACK 8192k/65532k , CORE 0k/infinity , NPROC 1418/2128 , NOFILE 10240/infinity , AS infinity/infinity , CPU infinity/infinity , DATA infinity/infinity , FSIZE infinity/infinity , MEMLOCK infinity/infinity , RSS infinity/infinity
load average: 4.39 3.73 3.69

CPU: total 4 (initial active 4) (2 cores per cpu, 2 threads per core) family 6 model 42 stepping 7 microcode 0x2f, cx8, cmov, fxsr, ht, mmx, sse, sse2, sse3, ssse3, sse4.1, sse4.2, popcnt, tsc, tscinvbit, avx, aes, clmul, vzeroupper, clflush
machdep.cpu.brand_string:Intel(R) Core(TM) i5-2415M CPU @ 2.30GHz
hw.cpufrequency:2300000000
hw.cpufrequency_min:2300000000
hw.cpufrequency_max:2300000000
hw.cachelinesize:64
hw.l1icachesize:32768
hw.l1dcachesize:32768
hw.l2cachesize:262144
hw.l3cachesize:3145728

Memory: 4k page, physical 16777216k(3153336k free), swap 0k(0k free)

vm_info: OpenJDK 64-Bit Server VM (17.0.11+0-17.0.11b1207.24-11852314) for bsd-amd64 JRE (17.0.11+0-17.0.11b1207.24-11852314), built on May 16 2024 20:35:06 by "androidbuild" with clang Android (11368308, +pgo, -bolt, +lto, -mlgo, based on r510928) Clang 18.0.0 (https://android.googlesource.com/toolchain/llvm-project 477610d4d0d988e69dbc3fae4fe86bff3f07f2b5)

END.
