#
# A fatal error has been detected by the Java Runtime Environment:
#
#  SIGSEGV (0xb) at pc=0x000000010d7eb000, pid=587, tid=3843
#
# JRE version: OpenJDK Runtime Environment (17.0.11) (build 17.0.11+0-17.0.11b1207.24-11852314)
# Java VM: OpenJDK 64-Bit Server VM (17.0.11+0-17.0.11b1207.24-11852314, mixed mode, tiered, compressed oops, compressed class ptrs, g1 gc, bsd-amd64)
# Problematic frame:
# C  [libnative-platform-file-events.dylib+0x0]  __dso_handle+0x0
#
# No core dump will be written. Core dumps have been disabled. To enable core dumping, try "ulimit -c unlimited" before starting Java again
#
# If you would like to submit a bug report, please visit:
#   https://bugreport.java.com/bugreport/crash.jsp
#

---------------  S U M M A R Y ------------

Command Line: --add-opens=java.base/java.util=ALL-UNNAMED --add-opens=java.base/java.lang=ALL-UNNAMED --add-opens=java.base/java.lang.invoke=ALL-UNNAMED --add-opens=java.prefs/java.util.prefs=ALL-UNNAMED --add-opens=java.base/java.nio.charset=ALL-UNNAMED --add-opens=java.base/java.net=ALL-UNNAMED --add-opens=java.base/java.util.concurrent.atomic=ALL-UNNAMED -Xmx2048m -Dfile.encoding=UTF-8 -Duser.country=RU -Duser.language=en -Duser.variant -javaagent:/Users/hav/.gradle/wrapper/dists/gradle-8.8-bin/dl7vupf4psengwqhwktix4v1/gradle-8.8/lib/agents/gradle-instrumentation-agent-8.8.jar org.gradle.launcher.daemon.bootstrap.GradleDaemon 8.8

Host: "MacBookPro8,1" x86_64 2300 MHz, 4 cores, 16G, Darwin 17.7.0, macOS 10.13.6 (17G14042)
Time: Sun Jan 19 14:00:15 2025 MSK elapsed time: 16.407155 seconds (0d 0h 0m 16s)

---------------  T H R E A D  ---------------

Current thread is native thread

Stack: [0x000070000622c000,0x00007000062ac000],  sp=0x00007000062a9168,  free space=500k
Native frames: (J=compiled Java code, j=interpreted, Vv=VM code, C=native code)
C  [libnative-platform-file-events.dylib+0x0]  __dso_handle+0x0
C  [libnative-platform-file-events.dylib+0x15c27]  _ZNSt3__116__variant_detail6__ctorINS0_8__traitsIJ9FileEvent10ErrorEvent10PoisonPillEEEE19__generic_constructB7v160006IRKNS0_18__copy_constructorIS6_LNS0_6_TraitE1EEEEEvRS7_OT_+0x47
C  [libnative-platform-file-events.dylib+0x15b8a]  std::__1::__variant_detail::__copy_constructor<std::__1::__variant_detail::__traits<FileEvent, ErrorEvent, PoisonPill>, (std::__1::__variant_detail::_Trait)1>::__copy_constructor(std::__1::__variant_detail::__copy_constructor<std::__1::__variant_detail::__traits<FileEvent, ErrorEvent, PoisonPill>, (std::__1::__variant_detail::_Trait)1> const&)+0x2a
C  [libnative-platform-file-events.dylib+0x15b4d]  std::__1::__variant_detail::__assignment<std::__1::__variant_detail::__traits<FileEvent, ErrorEvent, PoisonPill> >::__assignment(std::__1::__variant_detail::__assignment<std::__1::__variant_detail::__traits<FileEvent, ErrorEvent, PoisonPill> > const&)+0x1d
C  [libnative-platform-file-events.dylib+0x15b1d]  std::__1::__variant_detail::__move_assignment<std::__1::__variant_detail::__traits<FileEvent, ErrorEvent, PoisonPill>, (std::__1::__variant_detail::_Trait)1>::__move_assignment(std::__1::__variant_detail::__move_assignment<std::__1::__variant_detail::__traits<FileEvent, ErrorEvent, PoisonPill>, (std::__1::__variant_detail::_Trait)1> const&)+0x1d
C  [libnative-platform-file-events.dylib+0x15aed]  std::__1::__variant_detail::__copy_assignment<std::__1::__variant_detail::__traits<FileEvent, ErrorEvent, PoisonPill>, (std::__1::__variant_detail::_Trait)1>::__copy_assignment(std::__1::__variant_detail::__copy_assignment<std::__1::__variant_detail::__traits<FileEvent, ErrorEvent, PoisonPill>, (std::__1::__variant_detail::_Trait)1> const&)+0x1d
C  [libnative-platform-file-events.dylib+0x15abd]  std::__1::__variant_detail::__impl<FileEvent, ErrorEvent, PoisonPill>::__impl(std::__1::__variant_detail::__impl<FileEvent, ErrorEvent, PoisonPill> const&)+0x1d
C  [libnative-platform-file-events.dylib+0x15a8d]  std::__1::__variant_detail::__impl<FileEvent, ErrorEvent, PoisonPill>::__impl(std::__1::__variant_detail::__impl<FileEvent, ErrorEvent, PoisonPill> const&)+0x1d
C  [libnative-platform-file-events.dylib+0x15a5d]  std::__1::variant<FileEvent, ErrorEvent, PoisonPill>::variant(std::__1::variant<FileEvent, ErrorEvent, PoisonPill> const&)+0x1d
C  [libnative-platform-file-events.dylib+0x15a2d]  std::__1::variant<FileEvent, ErrorEvent, PoisonPill>::variant(std::__1::variant<FileEvent, ErrorEvent, PoisonPill> const&)+0x1d
C  [libnative-platform-file-events.dylib+0x15a01]  _ZNSt3__19allocatorINS_7variantIJ9FileEvent10ErrorEvent10PoisonPillEEEE9constructB7v160006IS5_JRKS5_EEEvPT_DpOT0_+0x21
C  [libnative-platform-file-events.dylib+0x13805]  _ZNSt3__116allocator_traitsINS_9allocatorINS_7variantIJ9FileEvent10ErrorEvent10PoisonPillEEEEEE9constructB7v160006IS6_JRKS6_EvEEvRS7_PT_DpOT0_+0x25
C  [libnative-platform-file-events.dylib+0x133ef]  std::__1::deque<std::__1::variant<FileEvent, ErrorEvent, PoisonPill>, std::__1::allocator<std::__1::variant<FileEvent, ErrorEvent, PoisonPill> > >::push_back(std::__1::variant<FileEvent, ErrorEvent, PoisonPill> const&)+0x6f
C  [libnative-platform-file-events.dylib+0x1336d]  _ZNSt3__15queueINS_7variantIJ9FileEvent10ErrorEvent10PoisonPillEEENS_5dequeIS5_NS_9allocatorIS5_EEEEE4pushB7v160006ERKS5_+0x1d
C  [libnative-platform-file-events.dylib+0xd9d2]  BlockingQueue<std::__1::variant<FileEvent, ErrorEvent, PoisonPill> >::enqueue(std::__1::variant<FileEvent, ErrorEvent, PoisonPill> const&)+0x32
C  [libnative-platform-file-events.dylib+0xd809]  Server::handleEvents(unsigned long, char**, unsigned int const*, unsigned long long const*)+0xb9
C  [libnative-platform-file-events.dylib+0xd441]  handleEventsCallback(__FSEventStream const*, void*, unsigned long, void*, unsigned int const*, unsigned long long const*)+0x41
C  [FSEvents+0x4463]  implementation_callback_rpc+0xb11
C  [FSEvents+0x38dd]  _Xcallback_rpc+0xe9
C  [FSEvents+0x37d7]  FSEventsD2F_server+0x37
C  [FSEvents+0x376e]  receive_and_dispatch_rcv_msg+0xa6
C  [libdispatch.dylib+0x1db8]  _dispatch_client_callout+0x8
C  [libdispatch.dylib+0x14e81]  _dispatch_continuation_pop+0x1d8
C  [libdispatch.dylib+0x4081]  _dispatch_source_invoke+0x26c
C  [libdispatch.dylib+0x1607a]  _dispatch_queue_serial_drain+0xde
C  [libdispatch.dylib+0x9166]  _dispatch_queue_invoke+0x175
C  [libdispatch.dylib+0x16f0d]  _dispatch_root_queue_drain_deferred_wlh+0x14c
C  [libdispatch.dylib+0x1ad21]  _dispatch_workloop_worker_thread+0x370
C  [libsystem_pthread.dylib+0x2fd2]  _pthread_wqthread+0x3d4
C  [libsystem_pthread.dylib+0x2be9]  start_wqthread+0xd


siginfo: si_signo: 11 (SIGSEGV), si_code: 0 (unknown), si_addr: 0x0000000000000000

Registers:
RAX=0x000000010d7eb000, RBX=0x00007fc28c342fa0, RCX=0x0000000000000000, RDX=0x00007000062a94f0
RSP=0x00007000062a9168, RBP=0x00007000062a91c0, RSI=0x00007fc28772de00, RDI=0x00007000062a91d8
R8 =0x00007fc2877b8800, R9 =0x0000000000008002, R10=0x00007fc287000000, R11=0x0000000000003977
R12=0x00000001015ff000, R13=0x0000000000000000, R14=0x0000000000000000, R15=0x0000000000000000
RIP=0x000000010d7eb000, EFLAGS=0x0000000000010206, ERR=0x0000000000000000
  TRAPNO=0x000000000000000d


Top of Stack: (sp=0x00007000062a9168)
0x00007000062a9168:   000000010d800d8c 00007000062a91d8
0x00007000062a9178:   00007fc28772de00 000000010d7eb000
0x00007000062a9188:   000000010d7eb000 000000010d7eb000
0x00007000062a9198:   000000010d7eb000 00007000062a94f0
0x00007000062a91a8:   00007fc28772de00 00007000062a91d8
0x00007000062a91b8:   0000000000000000 00007000062a91f0
0x00007000062a91c8:   000000010d800c27 00007000062a91f0
0x00007000062a91d8:   000000010d800bd5 00007000062a94f0
0x00007000062a91e8:   00007fc28772de00 00007000062a9230
0x00007000062a91f8:   000000010d800b8a 00007fc28772de00
0x00007000062a9208:   000000010d800849 0000000000000000
0x00007000062a9218:   00007000062a92f0 00007000062a94f0
0x00007000062a9228:   00007fc28772de00 00007000062a9250
0x00007000062a9238:   000000010d800b4d 00007000062a94f0
0x00007000062a9248:   00007fc28772de00 00007000062a9270
0x00007000062a9258:   000000010d800b1d 00007000062a94f0
0x00007000062a9268:   00007fc28772de00 00007000062a9290
0x00007000062a9278:   000000010d800aed 00007000062a94f0
0x00007000062a9288:   00007fc28772de00 00007000062a92b0
0x00007000062a9298:   000000010d800abd 00007000062a94f0
0x00007000062a92a8:   00007fc28772de00 00007000062a92d0
0x00007000062a92b8:   000000010d800a8d 00007000062a94f0
0x00007000062a92c8:   00007fc28772de00 00007000062a92f0
0x00007000062a92d8:   000000010d800a5d 00007000062a94f0
0x00007000062a92e8:   00007fc28772de00 00007000062a9310
0x00007000062a92f8:   000000010d800a2d 00007000062a94f0
0x00007000062a9308:   00007fc28772de00 00007000062a9340
0x00007000062a9318:   000000010d800a01 00007fc28772de00
0x00007000062a9328:   00007000062a94f0 00007fc28772de00
0x00007000062a9338:   00007fc288aa6098 00007000062a9370
0x00007000062a9348:   000000010d7fe805 0000000000000000
0x00007000062a9358:   00007000062a94f0 00007fc28772de00 

Instructions: (pc=0x000000010d7eb000)
0x000000010d7eaf00:   00 00 00 00 00 00 00 00 00 00 00 00 00 00 00 00
0x000000010d7eaf10:   00 00 00 00 00 00 00 00 00 00 00 00 00 00 00 00
0x000000010d7eaf20:   00 00 00 00 00 00 00 00 00 00 00 00 00 00 00 00
0x000000010d7eaf30:   00 00 00 00 00 00 00 00 00 00 00 00 00 00 00 00
0x000000010d7eaf40:   00 00 00 00 00 00 00 00 00 00 00 00 00 00 00 00
0x000000010d7eaf50:   00 00 00 00 00 00 00 00 00 00 00 00 00 00 00 00
0x000000010d7eaf60:   00 00 00 00 00 00 00 00 00 00 00 00 00 00 00 00
0x000000010d7eaf70:   00 00 00 00 00 00 00 00 00 00 00 00 00 00 00 00
0x000000010d7eaf80:   00 00 00 00 00 00 00 00 00 00 00 00 00 00 00 00
0x000000010d7eaf90:   00 00 00 00 00 00 00 00 00 00 00 00 00 00 00 00
0x000000010d7eafa0:   00 00 00 00 00 00 00 00 00 00 00 00 00 00 00 00
0x000000010d7eafb0:   00 00 00 00 00 00 00 00 00 00 00 00 00 00 00 00
0x000000010d7eafc0:   00 00 00 00 00 00 00 00 00 00 00 00 00 00 00 00
0x000000010d7eafd0:   00 00 00 00 00 00 00 00 00 00 00 00 00 00 00 00
0x000000010d7eafe0:   00 00 00 00 00 00 00 00 00 00 00 00 00 00 00 00
0x000000010d7eaff0:   00 00 00 00 00 00 00 00 00 00 00 00 00 00 00 00
0x000000010d7eb000:   cf fa ed fe 07 00 00 01 03 00 00 00 06 00 00 00
0x000000010d7eb010:   10 00 00 00 00 07 00 00 85 80 11 00 00 00 00 00
0x000000010d7eb020:   19 00 00 00 78 02 00 00 5f 5f 54 45 58 54 00 00
0x000000010d7eb030:   00 00 00 00 00 00 00 00 00 00 00 00 00 00 00 00
0x000000010d7eb040:   00 c0 01 00 00 00 00 00 00 00 00 00 00 00 00 00
0x000000010d7eb050:   00 c0 01 00 00 00 00 00 05 00 00 00 05 00 00 00
0x000000010d7eb060:   07 00 00 00 00 00 00 00 5f 5f 74 65 78 74 00 00
0x000000010d7eb070:   00 00 00 00 00 00 00 00 5f 5f 54 45 58 54 00 00
0x000000010d7eb080:   00 00 00 00 00 00 00 00 80 19 00 00 00 00 00 00
0x000000010d7eb090:   dc 7d 01 00 00 00 00 00 80 19 00 00 04 00 00 00
0x000000010d7eb0a0:   00 00 00 00 00 00 00 00 00 04 00 80 00 00 00 00
0x000000010d7eb0b0:   00 00 00 00 00 00 00 00 5f 5f 73 74 75 62 73 00
0x000000010d7eb0c0:   00 00 00 00 00 00 00 00 5f 5f 54 45 58 54 00 00
0x000000010d7eb0d0:   00 00 00 00 00 00 00 00 5c 97 01 00 00 00 00 00
0x000000010d7eb0e0:   ec 04 00 00 00 00 00 00 5c 97 01 00 00 00 00 00
0x000000010d7eb0f0:   00 00 00 00 00 00 00 00 08 04 00 80 00 00 00 00 



---------------  P R O C E S S  ---------------

VM state: not at safepoint (normal execution)

VM Mutex/Monitor currently owned by a thread: None

Heap address: 0x0000000780000000, size: 2048 MB, Compressed Oops mode: Zero based, Oop shift amount: 3

CDS archive(s) not mapped
Compressed class space mapped at: 0x0000000800000000-0x0000000840000000, reserved size: 1073741824
Narrow klass base: 0x0000000800000000, Narrow klass shift: 0, Narrow klass range: 0x40000000

GC Precious Log:
<Skipped>

Heap:
 garbage-first heap   total 124928K, used 78102K [0x0000000780000000, 0x0000000800000000)
  region size 1024K, 8 young (8192K), 2 survivors (2048K)
 Metaspace       used 54628K, committed 55168K, reserved 1114112K
  class space    used 7737K, committed 8000K, reserved 1048576K

Heap Regions: E=young(eden), S=young(survivor), O=old, HS=humongous(starts), HC=humongous(continues), CS=collection set, F=free, OA=open archive, CA=closed archive, TAMS=top-at-mark-start (previous, next)
|   0|0x0000000780000000, 0x0000000780100000, 0x0000000780100000|100%|HS|  |TAMS 0x0000000780100000, 0x0000000780000000| Complete 
|   1|0x0000000780100000, 0x0000000780200000, 0x0000000780200000|100%|HC|  |TAMS 0x0000000780200000, 0x0000000780100000| Complete 
|   2|0x0000000780200000, 0x0000000780300000, 0x0000000780300000|100%|HC|  |TAMS 0x0000000780300000, 0x0000000780200000| Complete 
|   3|0x0000000780300000, 0x0000000780400000, 0x0000000780400000|100%|HC|  |TAMS 0x0000000780400000, 0x0000000780300000| Complete 
|   4|0x0000000780400000, 0x0000000780500000, 0x0000000780500000|100%| O|  |TAMS 0x0000000780500000, 0x0000000780400000| Untracked 
|   5|0x0000000780500000, 0x0000000780600000, 0x0000000780600000|100%| O|  |TAMS 0x0000000780600000, 0x0000000780500000| Untracked 
|   6|0x0000000780600000, 0x0000000780700000, 0x0000000780700000|100%| O|  |TAMS 0x0000000780700000, 0x0000000780600000| Untracked 
|   7|0x0000000780700000, 0x0000000780800000, 0x0000000780800000|100%| O|  |TAMS 0x0000000780800000, 0x0000000780700000| Untracked 
|   8|0x0000000780800000, 0x0000000780900000, 0x0000000780900000|100%|HS|  |TAMS 0x0000000780900000, 0x0000000780800000| Complete 
|   9|0x0000000780900000, 0x0000000780a00000, 0x0000000780a00000|100%| O|  |TAMS 0x0000000780a00000, 0x0000000780900000| Untracked 
|  10|0x0000000780a00000, 0x0000000780b00000, 0x0000000780b00000|100%| O|  |TAMS 0x0000000780b00000, 0x0000000780a00000| Untracked 
|  11|0x0000000780b00000, 0x0000000780c00000, 0x0000000780c00000|100%| O|  |TAMS 0x0000000780c00000, 0x0000000780b00000| Untracked 
|  12|0x0000000780c00000, 0x0000000780d00000, 0x0000000780d00000|100%| O|  |TAMS 0x0000000780d00000, 0x0000000780c00000| Untracked 
|  13|0x0000000780d00000, 0x0000000780e00000, 0x0000000780e00000|100%| O|  |TAMS 0x0000000780e00000, 0x0000000780d00000| Untracked 
|  14|0x0000000780e00000, 0x0000000780f00000, 0x0000000780f00000|100%| O|  |TAMS 0x0000000780f00000, 0x0000000780e00000| Untracked 
|  15|0x0000000780f00000, 0x0000000781000000, 0x0000000781000000|100%| O|  |TAMS 0x0000000781000000, 0x0000000780f00000| Untracked 
|  16|0x0000000781000000, 0x0000000781100000, 0x0000000781100000|100%| O|  |TAMS 0x0000000781100000, 0x0000000781000000| Untracked 
|  17|0x0000000781100000, 0x0000000781200000, 0x0000000781200000|100%| O|  |TAMS 0x0000000781200000, 0x0000000781100000| Untracked 
|  18|0x0000000781200000, 0x0000000781300000, 0x0000000781300000|100%| O|  |TAMS 0x0000000781300000, 0x0000000781200000| Untracked 
|  19|0x0000000781300000, 0x0000000781400000, 0x0000000781400000|100%| O|  |TAMS 0x0000000781400000, 0x0000000781300000| Untracked 
|  20|0x0000000781400000, 0x0000000781500000, 0x0000000781500000|100%| O|  |TAMS 0x0000000781500000, 0x0000000781400000| Untracked 
|  21|0x0000000781500000, 0x0000000781600000, 0x0000000781600000|100%| O|  |TAMS 0x0000000781600000, 0x0000000781500000| Untracked 
|  22|0x0000000781600000, 0x0000000781700000, 0x0000000781700000|100%| O|  |TAMS 0x0000000781700000, 0x0000000781600000| Untracked 
|  23|0x0000000781700000, 0x0000000781800000, 0x0000000781800000|100%|HS|  |TAMS 0x0000000781800000, 0x0000000781700000| Complete 
|  24|0x0000000781800000, 0x0000000781900000, 0x0000000781900000|100%|HC|  |TAMS 0x0000000781900000, 0x0000000781800000| Complete 
|  25|0x0000000781900000, 0x0000000781a00000, 0x0000000781a00000|100%|HC|  |TAMS 0x0000000781a00000, 0x0000000781900000| Complete 
|  26|0x0000000781a00000, 0x0000000781b00000, 0x0000000781b00000|100%|HC|  |TAMS 0x0000000781b00000, 0x0000000781a00000| Complete 
|  27|0x0000000781b00000, 0x0000000781c00000, 0x0000000781c00000|100%|HC|  |TAMS 0x0000000781c00000, 0x0000000781b00000| Complete 
|  28|0x0000000781c00000, 0x0000000781d00000, 0x0000000781d00000|100%|HC|  |TAMS 0x0000000781d00000, 0x0000000781c00000| Complete 
|  29|0x0000000781d00000, 0x0000000781e00000, 0x0000000781e00000|100%|HS|  |TAMS 0x0000000781e00000, 0x0000000781d00000| Complete 
|  30|0x0000000781e00000, 0x0000000781f00000, 0x0000000781f00000|100%|HC|  |TAMS 0x0000000781f00000, 0x0000000781e00000| Complete 
|  31|0x0000000781f00000, 0x0000000782000000, 0x0000000782000000|100%|HC|  |TAMS 0x0000000782000000, 0x0000000781f00000| Complete 
|  32|0x0000000782000000, 0x0000000782100000, 0x0000000782100000|100%|HS|  |TAMS 0x0000000782100000, 0x0000000782000000| Complete 
|  33|0x0000000782100000, 0x0000000782200000, 0x0000000782200000|100%|HC|  |TAMS 0x0000000782200000, 0x0000000782100000| Complete 
|  34|0x0000000782200000, 0x0000000782300000, 0x0000000782300000|100%|HC|  |TAMS 0x0000000782300000, 0x0000000782200000| Complete 
|  35|0x0000000782300000, 0x0000000782400000, 0x0000000782400000|100%| O|  |TAMS 0x0000000782400000, 0x0000000782300000| Untracked 
|  36|0x0000000782400000, 0x0000000782500000, 0x0000000782500000|100%| O|  |TAMS 0x0000000782500000, 0x0000000782400000| Untracked 
|  37|0x0000000782500000, 0x0000000782600000, 0x0000000782600000|100%| O|  |TAMS 0x0000000782600000, 0x0000000782500000| Untracked 
|  38|0x0000000782600000, 0x0000000782700000, 0x0000000782700000|100%|HS|  |TAMS 0x0000000782700000, 0x0000000782600000| Complete 
|  39|0x0000000782700000, 0x0000000782800000, 0x0000000782800000|100%| O|  |TAMS 0x0000000782800000, 0x0000000782700000| Untracked 
|  40|0x0000000782800000, 0x0000000782900000, 0x0000000782900000|100%| O|  |TAMS 0x0000000782900000, 0x0000000782800000| Untracked 
|  41|0x0000000782900000, 0x0000000782a00000, 0x0000000782a00000|100%| O|  |TAMS 0x0000000782a00000, 0x0000000782900000| Untracked 
|  42|0x0000000782a00000, 0x0000000782b00000, 0x0000000782b00000|100%| O|  |TAMS 0x0000000782b00000, 0x0000000782a00000| Untracked 
|  43|0x0000000782b00000, 0x0000000782c00000, 0x0000000782c00000|100%| O|  |TAMS 0x0000000782c00000, 0x0000000782b00000| Untracked 
|  44|0x0000000782c00000, 0x0000000782d00000, 0x0000000782d00000|100%| O|  |TAMS 0x0000000782d00000, 0x0000000782c00000| Untracked 
|  45|0x0000000782d00000, 0x0000000782e00000, 0x0000000782e00000|100%|HS|  |TAMS 0x0000000782e00000, 0x0000000782d00000| Complete 
|  46|0x0000000782e00000, 0x0000000782f00000, 0x0000000782f00000|100%|HC|  |TAMS 0x0000000782f00000, 0x0000000782e00000| Complete 
|  47|0x0000000782f00000, 0x0000000783000000, 0x0000000783000000|100%|HC|  |TAMS 0x0000000783000000, 0x0000000782f00000| Complete 
|  48|0x0000000783000000, 0x0000000783100000, 0x0000000783100000|100%| O|  |TAMS 0x0000000783100000, 0x0000000783000000| Untracked 
|  49|0x0000000783100000, 0x0000000783200000, 0x0000000783200000|100%| O|  |TAMS 0x0000000783200000, 0x0000000783100000| Untracked 
|  50|0x0000000783200000, 0x0000000783300000, 0x0000000783300000|100%| O|  |TAMS 0x0000000783300000, 0x0000000783200000| Untracked 
|  51|0x0000000783300000, 0x0000000783400000, 0x0000000783400000|100%| O|  |TAMS 0x0000000783400000, 0x0000000783300000| Untracked 
|  52|0x0000000783400000, 0x0000000783500000, 0x0000000783500000|100%|HS|  |TAMS 0x0000000783500000, 0x0000000783400000| Complete 
|  53|0x0000000783500000, 0x0000000783600000, 0x0000000783600000|100%|HC|  |TAMS 0x0000000783600000, 0x0000000783500000| Complete 
|  54|0x0000000783600000, 0x0000000783700000, 0x0000000783700000|100%|HC|  |TAMS 0x0000000783700000, 0x0000000783600000| Complete 
|  55|0x0000000783700000, 0x0000000783800000, 0x0000000783800000|100%|HC|  |TAMS 0x0000000783800000, 0x0000000783700000| Complete 
|  56|0x0000000783800000, 0x0000000783900000, 0x0000000783900000|100%|HC|  |TAMS 0x0000000783900000, 0x0000000783800000| Complete 
|  57|0x0000000783900000, 0x0000000783a00000, 0x0000000783a00000|100%|HC|  |TAMS 0x0000000783a00000, 0x0000000783900000| Complete 
|  58|0x0000000783a00000, 0x0000000783b00000, 0x0000000783b00000|100%|HS|  |TAMS 0x0000000783b00000, 0x0000000783a00000| Complete 
|  59|0x0000000783b00000, 0x0000000783c00000, 0x0000000783c00000|100%|HC|  |TAMS 0x0000000783c00000, 0x0000000783b00000| Complete 
|  60|0x0000000783c00000, 0x0000000783d00000, 0x0000000783d00000|100%|HC|  |TAMS 0x0000000783d00000, 0x0000000783c00000| Complete 
|  61|0x0000000783d00000, 0x0000000783e00000, 0x0000000783e00000|100%|HC|  |TAMS 0x0000000783e00000, 0x0000000783d00000| Complete 
|  62|0x0000000783e00000, 0x0000000783f00000, 0x0000000783f00000|100%|HC|  |TAMS 0x0000000783f00000, 0x0000000783e00000| Complete 
|  63|0x0000000783f00000, 0x0000000784000000, 0x0000000784000000|100%| O|  |TAMS 0x0000000784000000, 0x0000000783f00000| Untracked 
|  64|0x0000000784000000, 0x0000000784100000, 0x0000000784100000|100%| O|  |TAMS 0x0000000784100000, 0x0000000784000000| Untracked 
|  65|0x0000000784100000, 0x0000000784200000, 0x0000000784200000|100%| O|  |TAMS 0x0000000784200000, 0x0000000784100000| Untracked 
|  66|0x0000000784200000, 0x0000000784290000, 0x0000000784300000| 56%| O|  |TAMS 0x0000000784200000, 0x0000000784200000| Untracked 
|  67|0x0000000784300000, 0x0000000784300000, 0x0000000784400000|  0%| F|  |TAMS 0x0000000784300000, 0x0000000784300000| Untracked 
|  68|0x0000000784400000, 0x0000000784500000, 0x0000000784500000|100%| O|  |TAMS 0x0000000784500000, 0x0000000784400000| Untracked 
|  69|0x0000000784500000, 0x0000000784600000, 0x0000000784600000|100%| O|  |TAMS 0x0000000784514e00, 0x0000000784500000| Untracked 
|  70|0x0000000784600000, 0x0000000784600000, 0x0000000784700000|  0%| F|  |TAMS 0x0000000784600000, 0x0000000784600000| Untracked 
|  71|0x0000000784700000, 0x0000000784700000, 0x0000000784800000|  0%| F|  |TAMS 0x0000000784700000, 0x0000000784700000| Untracked 
|  72|0x0000000784800000, 0x0000000784800000, 0x0000000784900000|  0%| F|  |TAMS 0x0000000784800000, 0x0000000784800000| Untracked 
|  73|0x0000000784900000, 0x0000000784900000, 0x0000000784a00000|  0%| F|  |TAMS 0x0000000784900000, 0x0000000784900000| Untracked 
|  74|0x0000000784a00000, 0x0000000784a00000, 0x0000000784b00000|  0%| F|  |TAMS 0x0000000784a00000, 0x0000000784a00000| Untracked 
|  75|0x0000000784b00000, 0x0000000784b00000, 0x0000000784c00000|  0%| F|  |TAMS 0x0000000784b00000, 0x0000000784b00000| Untracked 
|  76|0x0000000784c00000, 0x0000000784c00000, 0x0000000784d00000|  0%| F|  |TAMS 0x0000000784c00000, 0x0000000784c00000| Untracked 
|  77|0x0000000784d00000, 0x0000000784d00000, 0x0000000784e00000|  0%| F|  |TAMS 0x0000000784d00000, 0x0000000784d00000| Untracked 
|  78|0x0000000784e00000, 0x0000000784e00000, 0x0000000784f00000|  0%| F|  |TAMS 0x0000000784e00000, 0x0000000784e00000| Untracked 
|  79|0x0000000784f00000, 0x0000000784f00000, 0x0000000785000000|  0%| F|  |TAMS 0x0000000784f00000, 0x0000000784f00000| Untracked 
|  80|0x0000000785000000, 0x0000000785000000, 0x0000000785100000|  0%| F|  |TAMS 0x0000000785000000, 0x0000000785000000| Untracked 
|  81|0x0000000785100000, 0x0000000785100000, 0x0000000785200000|  0%| F|  |TAMS 0x0000000785100000, 0x0000000785100000| Untracked 
|  82|0x0000000785200000, 0x0000000785200000, 0x0000000785300000|  0%| F|  |TAMS 0x0000000785200000, 0x0000000785200000| Untracked 
|  83|0x0000000785300000, 0x0000000785300000, 0x0000000785400000|  0%| F|  |TAMS 0x0000000785300000, 0x0000000785300000| Untracked 
|  84|0x0000000785400000, 0x0000000785400000, 0x0000000785500000|  0%| F|  |TAMS 0x0000000785400000, 0x0000000785400000| Untracked 
|  85|0x0000000785500000, 0x0000000785500000, 0x0000000785600000|  0%| F|  |TAMS 0x0000000785500000, 0x0000000785500000| Untracked 
|  86|0x0000000785600000, 0x0000000785600000, 0x0000000785700000|  0%| F|  |TAMS 0x0000000785600000, 0x0000000785600000| Untracked 
|  87|0x0000000785700000, 0x0000000785700000, 0x0000000785800000|  0%| F|  |TAMS 0x0000000785700000, 0x0000000785700000| Untracked 
|  88|0x0000000785800000, 0x0000000785800000, 0x0000000785900000|  0%| F|  |TAMS 0x0000000785800000, 0x0000000785800000| Untracked 
|  89|0x0000000785900000, 0x0000000785900000, 0x0000000785a00000|  0%| F|  |TAMS 0x0000000785900000, 0x0000000785900000| Untracked 
|  90|0x0000000785a00000, 0x0000000785a00000, 0x0000000785b00000|  0%| F|  |TAMS 0x0000000785a00000, 0x0000000785a00000| Untracked 
|  91|0x0000000785b00000, 0x0000000785b00000, 0x0000000785c00000|  0%| F|  |TAMS 0x0000000785b00000, 0x0000000785b00000| Untracked 
|  92|0x0000000785c00000, 0x0000000785c00000, 0x0000000785d00000|  0%| F|  |TAMS 0x0000000785c00000, 0x0000000785c00000| Untracked 
|  93|0x0000000785d00000, 0x0000000785d00000, 0x0000000785e00000|  0%| F|  |TAMS 0x0000000785d00000, 0x0000000785d00000| Untracked 
|  94|0x0000000785e00000, 0x0000000785e00000, 0x0000000785f00000|  0%| F|  |TAMS 0x0000000785e00000, 0x0000000785e00000| Untracked 
|  95|0x0000000785f00000, 0x0000000785f00000, 0x0000000786000000|  0%| F|  |TAMS 0x0000000785f00000, 0x0000000785f00000| Untracked 
|  96|0x0000000786000000, 0x0000000786000000, 0x0000000786100000|  0%| F|  |TAMS 0x0000000786000000, 0x0000000786000000| Untracked 
|  97|0x0000000786100000, 0x00000007861d72e0, 0x0000000786200000| 84%| S|CS|TAMS 0x0000000786100000, 0x0000000786100000| Complete 
|  98|0x0000000786200000, 0x0000000786300000, 0x0000000786300000|100%| S|CS|TAMS 0x0000000786200000, 0x0000000786200000| Complete 
|  99|0x0000000786300000, 0x0000000786300000, 0x0000000786400000|  0%| F|  |TAMS 0x0000000786300000, 0x0000000786300000| Untracked 
| 100|0x0000000786400000, 0x0000000786400000, 0x0000000786500000|  0%| F|  |TAMS 0x0000000786400000, 0x0000000786400000| Untracked 
| 101|0x0000000786500000, 0x0000000786500000, 0x0000000786600000|  0%| F|  |TAMS 0x0000000786500000, 0x0000000786500000| Untracked 
| 102|0x0000000786600000, 0x0000000786600000, 0x0000000786700000|  0%| F|  |TAMS 0x0000000786600000, 0x0000000786600000| Untracked 
| 103|0x0000000786700000, 0x0000000786700000, 0x0000000786800000|  0%| F|  |TAMS 0x0000000786700000, 0x0000000786700000| Untracked 
| 104|0x0000000786800000, 0x0000000786800000, 0x0000000786900000|  0%| F|  |TAMS 0x0000000786800000, 0x0000000786800000| Untracked 
| 105|0x0000000786900000, 0x0000000786900000, 0x0000000786a00000|  0%| F|  |TAMS 0x0000000786900000, 0x0000000786900000| Untracked 
| 106|0x0000000786a00000, 0x0000000786a00000, 0x0000000786b00000|  0%| F|  |TAMS 0x0000000786a00000, 0x0000000786a00000| Untracked 
| 107|0x0000000786b00000, 0x0000000786b00000, 0x0000000786c00000|  0%| F|  |TAMS 0x0000000786b00000, 0x0000000786b00000| Untracked 
| 108|0x0000000786c00000, 0x0000000786c00000, 0x0000000786d00000|  0%| F|  |TAMS 0x0000000786c00000, 0x0000000786c00000| Untracked 
| 109|0x0000000786d00000, 0x0000000786d00000, 0x0000000786e00000|  0%| F|  |TAMS 0x0000000786d00000, 0x0000000786d00000| Untracked 
| 110|0x0000000786e00000, 0x0000000786e00000, 0x0000000786f00000|  0%| F|  |TAMS 0x0000000786e00000, 0x0000000786e00000| Untracked 
| 111|0x0000000786f00000, 0x0000000786f00000, 0x0000000787000000|  0%| F|  |TAMS 0x0000000786f00000, 0x0000000786f00000| Untracked 
| 112|0x0000000787000000, 0x0000000787000000, 0x0000000787100000|  0%| F|  |TAMS 0x0000000787000000, 0x0000000787000000| Untracked 
| 199|0x000000078c700000, 0x000000078c700000, 0x000000078c800000|  0%| F|  |TAMS 0x000000078c700000, 0x000000078c700000| Untracked 
| 200|0x000000078c800000, 0x000000078c800000, 0x000000078c900000|  0%| F|  |TAMS 0x000000078c800000, 0x000000078c800000| Untracked 
| 201|0x000000078c900000, 0x000000078c900000, 0x000000078ca00000|  0%| F|  |TAMS 0x000000078c900000, 0x000000078c900000| Untracked 
| 202|0x000000078ca00000, 0x000000078cade6d8, 0x000000078cb00000| 86%| E|  |TAMS 0x000000078ca00000, 0x000000078ca00000| Complete 
| 203|0x000000078cb00000, 0x000000078cc00000, 0x000000078cc00000|100%| E|CS|TAMS 0x000000078cb00000, 0x000000078cb00000| Complete 
| 204|0x000000078cc00000, 0x000000078cd00000, 0x000000078cd00000|100%| E|CS|TAMS 0x000000078cc00000, 0x000000078cc00000| Complete 
| 205|0x000000078cd00000, 0x000000078ce00000, 0x000000078ce00000|100%| E|CS|TAMS 0x000000078cd00000, 0x000000078cd00000| Complete 
| 206|0x000000078ce00000, 0x000000078cf00000, 0x000000078cf00000|100%| E|CS|TAMS 0x000000078ce00000, 0x000000078ce00000| Complete 
| 255|0x000000078ff00000, 0x0000000790000000, 0x0000000790000000|100%| E|CS|TAMS 0x000000078ff00000, 0x000000078ff00000| Complete 

Card table byte_map: [0x000000010654b000,0x000000010694b000] _byte_map_base: 0x000000010294b000

Marking Bits (Prev, Next): (CMBitMap*) 0x00007fc288009c50, (CMBitMap*) 0x00007fc288009c10
 Prev Bits: [0x0000000108d4b000, 0x000000010ad4b000)
 Next Bits: [0x0000000106d4b000, 0x0000000108d4b000)

Polling page: 0x00000001015ce000

Metaspace:

Usage:
  Non-class:     45.79 MB used.
      Class:      7.56 MB used.
       Both:     53.35 MB used.

Virtual space:
  Non-class space:       64.00 MB reserved,      46.06 MB ( 72%) committed,  1 nodes.
      Class space:        1.00 GB reserved,       7.81 MB ( <1%) committed,  1 nodes.
             Both:        1.06 GB reserved,      53.88 MB (  5%) committed. 

Chunk freelists:
   Non-Class:  1.88 MB
       Class:  8.21 MB
        Both:  10.08 MB

MaxMetaspaceSize: unlimited
CompressedClassSpaceSize: 1.00 GB
Initial GC threshold: 21.00 MB
Current GC threshold: 88.75 MB
CDS: off
MetaspaceReclaimPolicy: balanced
 - commit_granule_bytes: 65536.
 - commit_granule_words: 8192.
 - virtual_space_node_default_size: 8388608.
 - enlarge_chunks_in_place: 1.
 - new_chunks_are_fully_committed: 0.
 - uncommit_free_chunks: 1.
 - use_allocation_guard: 0.
 - handle_deallocations: 1.


Internal statistics:

num_allocs_failed_limit: 3.
num_arena_births: 540.
num_arena_deaths: 0.
num_vsnodes_births: 2.
num_vsnodes_deaths: 0.
num_space_committed: 862.
num_space_uncommitted: 0.
num_chunks_returned_to_freelist: 3.
num_chunks_taken_from_freelist: 2434.
num_chunk_merges: 3.
num_chunk_splits: 1576.
num_chunks_enlarged: 1066.
num_inconsistent_stats: 0.

CodeHeap 'non-profiled nmethods': size=120032Kb used=2874Kb max_used=2874Kb free=117157Kb
 bounds [0x000006b3bd614000, 0x000006b3bd8e4000, 0x000006b3c4b4c000]
CodeHeap 'profiled nmethods': size=120028Kb used=10923Kb max_used=10923Kb free=109104Kb
 bounds [0x000006b3b5b4c000, 0x000006b3b65fc000, 0x000006b3bd083000]
CodeHeap 'non-nmethods': size=5700Kb used=2310Kb max_used=2363Kb free=3390Kb
 bounds [0x000006b3bd083000, 0x000006b3bd2f3000, 0x000006b3bd614000]
 total_blobs=6059 nmethods=5238 adapters=733
 compilation: enabled
              stopped_count=0, restarted_count=0
 full_count=0

Compilation events (20 events):
Event: 16.383 Thread 0x00007fc287013e00 nmethod 5261 0x000006b3b65ecd90 code [0x000006b3b65ecf80, 0x000006b3b65ed4e8]
Event: 16.383 Thread 0x00007fc287013e00 5252       3       java.lang.invoke.VarHandleGuards::guard_LI_V (125 bytes)
Event: 16.388 Thread 0x00007fc28806c000 nmethod 5260% 0x000006b3bd8e2090 code [0x000006b3bd8e2220, 0x000006b3bd8e2388]
Event: 16.390 Thread 0x00007fc287013e00 nmethod 5252 0x000006b3b65ed710 code [0x000006b3b65edb60, 0x000006b3b65f06f8]
Event: 16.390 Thread 0x00007fc287013e00 5253       3       java.lang.invoke.VarHandleInts$FieldInstanceReadWrite::setRelease (28 bytes)
Event: 16.392 Thread 0x00007fc287013e00 nmethod 5253 0x000006b3b65f1310 code [0x000006b3b65f1520, 0x000006b3b65f1b58]
Event: 16.392 Thread 0x00007fc287013e00 5262       3       org.gradle.internal.snapshot.ChildMapFactory::childMapFromSorted (84 bytes)
Event: 16.393 Thread 0x00007fc287013e00 nmethod 5262 0x000006b3b65f1d90 code [0x000006b3b65f1fe0, 0x000006b3b65f2a38]
Event: 16.393 Thread 0x00007fc287013e00 5255       3       java.util.concurrent.FutureTask::<init> (27 bytes)
Event: 16.394 Thread 0x00007fc287013e00 nmethod 5255 0x000006b3b65f2d10 code [0x000006b3b65f2ec0, 0x000006b3b65f31a8]
Event: 16.394 Thread 0x00007fc287013e00 5256       3       com.google.common.cache.CacheLoader::<init> (5 bytes)
Event: 16.394 Thread 0x00007fc287013e00 nmethod 5256 0x000006b3b65f3290 code [0x000006b3b65f3440, 0x000006b3b65f3598]
Event: 16.396 Thread 0x00007fc287013e00 5264       3       java.util.stream.Stream::of (13 bytes)
Event: 16.396 Thread 0x00007fc287013e00 nmethod 5264 0x000006b3b65f3690 code [0x000006b3b65f3860, 0x000006b3b65f3b68]
Event: 16.396 Thread 0x00007fc287013e00 5265       3       java.util.stream.Streams$StreamBuilderImpl::<init> (16 bytes)
Event: 16.396 Thread 0x00007fc287013e00 nmethod 5265 0x000006b3b65f3c90 code [0x000006b3b65f3e40, 0x000006b3b65f4078]
Event: 16.397 Thread 0x00007fc287013e00 5266       3       java.util.Arrays$ArrayList::size (6 bytes)
Event: 16.397 Thread 0x00007fc287013e00 nmethod 5266 0x000006b3b65f4190 code [0x000006b3b65f4320, 0x000006b3b65f4438]
Event: 16.399 Thread 0x00007fc287013e00 5267       3       org.gradle.tooling.internal.provider.runner.ClientBuildEventGenerator$Disabled::accept (20 bytes)
Event: 16.400 Thread 0x00007fc287013e00 nmethod 5267 0x000006b3b65f4510 code [0x000006b3b65f46c0, 0x000006b3b65f48f8]

GC Heap History (20 events):
Event: 10.677 GC heap before
{Heap before GC invocations=17 (full 0):
 garbage-first heap   total 76800K, used 57019K [0x0000000780000000, 0x0000000800000000)
  region size 1024K, 17 young (17408K), 2 survivors (2048K)
 Metaspace       used 40555K, committed 40960K, reserved 1114112K
  class space    used 5843K, committed 6016K, reserved 1048576K
}
Event: 10.684 GC heap after
{Heap after GC invocations=18 (full 0):
 garbage-first heap   total 76800K, used 44589K [0x0000000780000000, 0x0000000800000000)
  region size 1024K, 3 young (3072K), 3 survivors (3072K)
 Metaspace       used 40555K, committed 40960K, reserved 1114112K
  class space    used 5843K, committed 6016K, reserved 1048576K
}
Event: 11.310 GC heap before
{Heap before GC invocations=18 (full 0):
 garbage-first heap   total 76800K, used 59949K [0x0000000780000000, 0x0000000800000000)
  region size 1024K, 19 young (19456K), 3 survivors (3072K)
 Metaspace       used 42588K, committed 43008K, reserved 1114112K
  class space    used 6071K, committed 6272K, reserved 1048576K
}
Event: 11.317 GC heap after
{Heap after GC invocations=19 (full 0):
 garbage-first heap   total 92160K, used 46934K [0x0000000780000000, 0x0000000800000000)
  region size 1024K, 3 young (3072K), 3 survivors (3072K)
 Metaspace       used 42588K, committed 43008K, reserved 1114112K
  class space    used 6071K, committed 6272K, reserved 1048576K
}
Event: 11.766 GC heap before
{Heap before GC invocations=20 (full 0):
 garbage-first heap   total 92160K, used 65366K [0x0000000780000000, 0x0000000800000000)
  region size 1024K, 23 young (23552K), 3 survivors (3072K)
 Metaspace       used 43066K, committed 43520K, reserved 1114112K
  class space    used 6121K, committed 6336K, reserved 1048576K
}
Event: 11.774 GC heap after
{Heap after GC invocations=21 (full 0):
 garbage-first heap   total 92160K, used 47924K [0x0000000780000000, 0x0000000800000000)
  region size 1024K, 4 young (4096K), 4 survivors (4096K)
 Metaspace       used 43066K, committed 43520K, reserved 1114112K
  class space    used 6121K, committed 6336K, reserved 1048576K
}
Event: 12.788 GC heap before
{Heap before GC invocations=22 (full 0):
 garbage-first heap   total 92160K, used 77620K [0x0000000780000000, 0x0000000800000000)
  region size 1024K, 28 young (28672K), 4 survivors (4096K)
 Metaspace       used 46449K, committed 46912K, reserved 1114112K
  class space    used 6547K, committed 6720K, reserved 1048576K
}
Event: 12.796 GC heap after
{Heap after GC invocations=23 (full 0):
 garbage-first heap   total 92160K, used 49207K [0x0000000780000000, 0x0000000800000000)
  region size 1024K, 2 young (2048K), 2 survivors (2048K)
 Metaspace       used 46449K, committed 46912K, reserved 1114112K
  class space    used 6547K, committed 6720K, reserved 1048576K
}
Event: 13.720 GC heap before
{Heap before GC invocations=23 (full 0):
 garbage-first heap   total 92160K, used 73783K [0x0000000780000000, 0x0000000800000000)
  region size 1024K, 26 young (26624K), 2 survivors (2048K)
 Metaspace       used 48862K, committed 49280K, reserved 1114112K
  class space    used 6974K, committed 7168K, reserved 1048576K
}
Event: 13.729 GC heap after
{Heap after GC invocations=24 (full 0):
 garbage-first heap   total 92160K, used 50241K [0x0000000780000000, 0x0000000800000000)
  region size 1024K, 3 young (3072K), 3 survivors (3072K)
 Metaspace       used 48862K, committed 49280K, reserved 1114112K
  class space    used 6974K, committed 7168K, reserved 1048576K
}
Event: 13.956 GC heap before
{Heap before GC invocations=25 (full 0):
 garbage-first heap   total 92160K, used 56385K [0x0000000780000000, 0x0000000800000000)
  region size 1024K, 11 young (11264K), 3 survivors (3072K)
 Metaspace       used 48965K, committed 49344K, reserved 1114112K
  class space    used 6983K, committed 7168K, reserved 1048576K
}
Event: 13.963 GC heap after
{Heap after GC invocations=26 (full 0):
 garbage-first heap   total 92160K, used 50864K [0x0000000780000000, 0x0000000800000000)
  region size 1024K, 2 young (2048K), 2 survivors (2048K)
 Metaspace       used 48965K, committed 49344K, reserved 1114112K
  class space    used 6983K, committed 7168K, reserved 1048576K
}
Event: 14.287 GC heap before
{Heap before GC invocations=27 (full 0):
 garbage-first heap   total 104448K, used 66224K [0x0000000780000000, 0x0000000800000000)
  region size 1024K, 9 young (9216K), 2 survivors (2048K)
 Metaspace       used 49254K, committed 49728K, reserved 1114112K
  class space    used 7032K, committed 7232K, reserved 1048576K
}
Event: 14.293 GC heap after
{Heap after GC invocations=28 (full 0):
 garbage-first heap   total 104448K, used 62285K [0x0000000780000000, 0x0000000800000000)
  region size 1024K, 4 young (4096K), 4 survivors (4096K)
 Metaspace       used 49254K, committed 49728K, reserved 1114112K
  class space    used 7032K, committed 7232K, reserved 1048576K
}
Event: 14.686 GC heap before
{Heap before GC invocations=29 (full 0):
 garbage-first heap   total 117760K, used 78669K [0x0000000780000000, 0x0000000800000000)
  region size 1024K, 17 young (17408K), 4 survivors (4096K)
 Metaspace       used 50239K, committed 50688K, reserved 1114112K
  class space    used 7149K, committed 7360K, reserved 1048576K
}
Event: 14.694 GC heap after
{Heap after GC invocations=30 (full 0):
 garbage-first heap   total 117760K, used 69314K [0x0000000780000000, 0x0000000800000000)
  region size 1024K, 3 young (3072K), 3 survivors (3072K)
 Metaspace       used 50239K, committed 50688K, reserved 1114112K
  class space    used 7149K, committed 7360K, reserved 1048576K
}
Event: 15.191 GC heap before
{Heap before GC invocations=31 (full 0):
 garbage-first heap   total 124928K, used 87746K [0x0000000780000000, 0x0000000800000000)
  region size 1024K, 20 young (20480K), 3 survivors (3072K)
 Metaspace       used 51646K, committed 52160K, reserved 1114112K
  class space    used 7265K, committed 7488K, reserved 1048576K
}
Event: 15.196 GC heap after
{Heap after GC invocations=32 (full 0):
 garbage-first heap   total 124928K, used 70375K [0x0000000780000000, 0x0000000800000000)
  region size 1024K, 2 young (2048K), 2 survivors (2048K)
 Metaspace       used 51646K, committed 52160K, reserved 1114112K
  class space    used 7265K, committed 7488K, reserved 1048576K
}
Event: 16.059 GC heap before
{Heap before GC invocations=32 (full 0):
 garbage-first heap   total 124928K, used 91879K [0x0000000780000000, 0x0000000800000000)
  region size 1024K, 23 young (23552K), 2 survivors (2048K)
 Metaspace       used 53788K, committed 54336K, reserved 1114112K
  class space    used 7601K, committed 7808K, reserved 1048576K
}
Event: 16.068 GC heap after
{Heap after GC invocations=33 (full 0):
 garbage-first heap   total 124928K, used 72092K [0x0000000780000000, 0x0000000800000000)
  region size 1024K, 2 young (2048K), 2 survivors (2048K)
 Metaspace       used 53788K, committed 54336K, reserved 1114112K
  class space    used 7601K, committed 7808K, reserved 1048576K
}

Dll operation events (13 events):
Event: 0.010 Loaded shared library /Applications/Android Studio 2.app/Contents/jbr/Contents/Home/lib/libjava.dylib
Event: 0.269 Loaded shared library /Applications/Android Studio 2.app/Contents/jbr/Contents/Home/lib/libzip.dylib
Event: 0.273 Loaded shared library /Applications/Android Studio 2.app/Contents/jbr/Contents/Home/lib/libinstrument.dylib
Event: 0.286 Loaded shared library /Applications/Android Studio 2.app/Contents/jbr/Contents/Home/lib/libnio.dylib
Event: 0.308 Loaded shared library /Applications/Android Studio 2.app/Contents/jbr/Contents/Home/lib/libzip.dylib
Event: 0.685 Loaded shared library /Applications/Android Studio 2.app/Contents/jbr/Contents/Home/lib/libjimage.dylib
Event: 0.895 Loaded shared library /Applications/Android Studio 2.app/Contents/jbr/Contents/Home/lib/libverify.dylib
Event: 1.572 Loaded shared library /Applications/Android Studio 2.app/Contents/jbr/Contents/Home/lib/libnet.dylib
Event: 1.619 Loaded shared library /Users/hav/.gradle/native/c067742578af261105cb4f569cf0c3c89f3d7b1fecec35dd04571415982c5e48/osx-amd64/libnative-platform.dylib
Event: 1.629 Loaded shared library /Users/hav/.gradle/native/100fb08df4bc3b14c8652ba06237920a3bd2aa13389f12d3474272988ae205f9/osx-amd64/libnative-platform-file-events.dylib
Event: 3.235 Loaded shared library /Applications/Android Studio 2.app/Contents/jbr/Contents/Home/lib/libmanagement.dylib
Event: 3.240 Loaded shared library /Applications/Android Studio 2.app/Contents/jbr/Contents/Home/lib/libmanagement_ext.dylib
Event: 3.544 Loaded shared library /Applications/Android Studio 2.app/Contents/jbr/Contents/Home/lib/libextnet.dylib

Deoptimization events (20 events):
Event: 15.768 Thread 0x00007fc28758f400 Uncommon trap: trap_request=0xffffff45 fr.pc=0x000006b3bd8768c8 relative=0x00000000000000a8
Event: 15.768 Thread 0x00007fc28758f400 Uncommon trap: reason=unstable_if action=reinterpret pc=0x000006b3bd8768c8 method=java.net.URI.match(CJJ)Z @ 45 c2
Event: 15.768 Thread 0x00007fc28758f400 DEOPT PACKING pc=0x000006b3bd8768c8 sp=0x0000700007df65b0
Event: 15.768 Thread 0x00007fc28758f400 DEOPT UNPACKING pc=0x000006b3bd0d96a1 sp=0x0000700007df6558 mode 2
Event: 15.907 Thread 0x00007fc28758f400 Uncommon trap: trap_request=0xffffffc6 fr.pc=0x000006b3bd7d45c8 relative=0x0000000000000448
Event: 15.907 Thread 0x00007fc28758f400 Uncommon trap: reason=bimorphic_or_optimized_type_check action=maybe_recompile pc=0x000006b3bd7d45c8 method=java.util.Spliterators$IteratorSpliterator.tryAdvance(Ljava/util/function/Consumer;)Z @ 50 c2
Event: 15.907 Thread 0x00007fc28758f400 DEOPT PACKING pc=0x000006b3bd7d45c8 sp=0x0000700007df7c20
Event: 15.907 Thread 0x00007fc28758f400 DEOPT UNPACKING pc=0x000006b3bd0d96a1 sp=0x0000700007df7be0 mode 2
Event: 15.926 Thread 0x00007fc28758f400 Uncommon trap: trap_request=0xffffffc6 fr.pc=0x000006b3bd75b22c relative=0x000000000000060c
Event: 15.926 Thread 0x00007fc28758f400 Uncommon trap: reason=bimorphic_or_optimized_type_check action=maybe_recompile pc=0x000006b3bd75b22c method=java.io.BufferedInputStream.read([BII)I @ 101 c2
Event: 15.926 Thread 0x00007fc28758f400 DEOPT PACKING pc=0x000006b3bd75b22c sp=0x0000700007df7820
Event: 15.926 Thread 0x00007fc28758f400 DEOPT UNPACKING pc=0x000006b3bd0d96a1 sp=0x0000700007df77f8 mode 2
Event: 16.295 Thread 0x00007fc28758f400 Uncommon trap: trap_request=0xffffffde fr.pc=0x000006b3bd81cd5c relative=0x0000000000002e7c
Event: 16.295 Thread 0x00007fc28758f400 Uncommon trap: reason=class_check action=maybe_recompile pc=0x000006b3bd81cd5c method=java.util.regex.Pattern$CharProperty.study(Ljava/util/regex/Pattern$TreeInfo;)Z @ 25 c2
Event: 16.295 Thread 0x00007fc28758f400 DEOPT PACKING pc=0x000006b3bd81cd5c sp=0x0000700007df6ca0
Event: 16.295 Thread 0x00007fc28758f400 DEOPT UNPACKING pc=0x000006b3bd0d96a1 sp=0x0000700007df6b98 mode 2
Event: 16.318 Thread 0x00007fc28758f400 Uncommon trap: trap_request=0xffffffcc fr.pc=0x000006b3bd8d2fc8 relative=0x0000000000000328
Event: 16.318 Thread 0x00007fc28758f400 Uncommon trap: reason=intrinsic_or_type_checked_inlining action=make_not_entrant pc=0x000006b3bd8d2fc8 method=java.util.Arrays.copyOf([Ljava/lang/Object;ILjava/lang/Class;)[Ljava/lang/Object; @ 35 c2
Event: 16.318 Thread 0x00007fc28758f400 DEOPT PACKING pc=0x000006b3bd8d2fc8 sp=0x0000700007df6c90
Event: 16.318 Thread 0x00007fc28758f400 DEOPT UNPACKING pc=0x000006b3bd0d96a1 sp=0x0000700007df6c20 mode 2

Classes unloaded (0 events):
No events

Classes redefined (0 events):
No events

Internal exceptions (20 events):
Event: 15.332 Thread 0x00007fc28758f400 Exception <a 'java/lang/ClassNotFoundException'{0x000000078cb7ad58}: settings_abbfp7d9c2bos8m5ucnn173umCustomizer> (0x000000078cb7ad58) 
thrown [src/hotspot/share/classfile/systemDictionary.cpp, line 256]
Event: 15.344 Thread 0x00007fc28758f400 Exception <a 'java/lang/ClassNotFoundException'{0x000000078cbdd3a0}: org/gradle/internal/management/DefaultDependencyResolutionManagement_DecoratedBeanInfo> (0x000000078cbdd3a0) 
thrown [src/hotspot/share/classfile/systemDictionary.cpp, line 256]
Event: 15.345 Thread 0x00007fc28758f400 Exception <a 'java/lang/ClassNotFoundException'{0x000000078cbf3680}: org/gradle/internal/management/DefaultDependencyResolutionManagementBeanInfo> (0x000000078cbf3680) 
thrown [src/hotspot/share/classfile/systemDictionary.cpp, line 256]
Event: 15.347 Thread 0x00007fc28758f400 Exception <a 'java/lang/ClassNotFoundException'{0x000000078ca09258}: org/gradle/internal/management/DefaultDependencyResolutionManagementCustomizer> (0x000000078ca09258) 
thrown [src/hotspot/share/classfile/systemDictionary.cpp, line 256]
Event: 15.350 Thread 0x00007fc28758f400 Exception <a 'java/lang/ClassNotFoundException'{0x000000078ca31e40}: org/gradle/internal/management/DefaultDependencyResolutionManagement_DecoratedCustomizer> (0x000000078ca31e40) 
thrown [src/hotspot/share/classfile/systemDictionary.cpp, line 256]
Event: 15.362 Thread 0x00007fc28758f400 Exception <a 'java/lang/ClassNotFoundException'{0x000000078ca835a8}: org/gradle/api/initialization/resolve/RepositoriesModeBeanInfo> (0x000000078ca835a8) 
thrown [src/hotspot/share/classfile/systemDictionary.cpp, line 256]
Event: 15.363 Thread 0x00007fc28758f400 Exception <a 'java/lang/ClassNotFoundException'{0x000000078ca88e88}: java/lang/EnumBeanInfo> (0x000000078ca88e88) 
thrown [src/hotspot/share/classfile/systemDictionary.cpp, line 256]
Event: 15.363 Thread 0x00007fc28758f400 Exception <a 'java/lang/ClassNotFoundException'{0x000000078ca8e790}: java/lang/EnumCustomizer> (0x000000078ca8e790) 
thrown [src/hotspot/share/classfile/systemDictionary.cpp, line 256]
Event: 15.366 Thread 0x00007fc28758f400 Exception <a 'java/lang/ClassNotFoundException'{0x000000078caa96b8}: org/gradle/api/initialization/resolve/RepositoriesModeCustomizer> (0x000000078caa96b8) 
thrown [src/hotspot/share/classfile/systemDictionary.cpp, line 256]
Event: 15.379 Thread 0x00007fc28758f400 Exception <a 'java/lang/ClassNotFoundException'{0x000000078c91cde8}: org/gradle/api/internal/provider/DefaultPropertyBeanInfo> (0x000000078c91cde8) 
thrown [src/hotspot/share/classfile/systemDictionary.cpp, line 256]
Event: 15.380 Thread 0x00007fc28758f400 Exception <a 'java/lang/ClassNotFoundException'{0x000000078c92f790}: org/gradle/api/internal/provider/AbstractPropertyBeanInfo> (0x000000078c92f790) 
thrown [src/hotspot/share/classfile/systemDictionary.cpp, line 256]
Event: 15.384 Thread 0x00007fc28758f400 Exception <a 'java/lang/ClassNotFoundException'{0x000000078c942840}: org/gradle/api/internal/provider/AbstractMinimalProviderBeanInfo> (0x000000078c942840) 
thrown [src/hotspot/share/classfile/systemDictionary.cpp, line 256]
Event: 15.385 Thread 0x00007fc28758f400 Exception <a 'java/lang/ClassNotFoundException'{0x000000078c9553d8}: org/gradle/api/internal/provider/AbstractMinimalProviderCustomizer> (0x000000078c9553d8) 
thrown [src/hotspot/share/classfile/systemDictionary.cpp, line 256]
Event: 15.389 Thread 0x00007fc28758f400 Exception <a 'java/lang/ClassNotFoundException'{0x000000078c983d48}: org/gradle/api/internal/provider/AbstractPropertyCustomizer> (0x000000078c983d48) 
thrown [src/hotspot/share/classfile/systemDictionary.cpp, line 256]
Event: 15.392 Thread 0x00007fc28758f400 Exception <a 'java/lang/ClassNotFoundException'{0x000000078c9a4940}: org/gradle/api/internal/provider/DefaultPropertyCustomizer> (0x000000078c9a4940) 
thrown [src/hotspot/share/classfile/systemDictionary.cpp, line 256]
Event: 15.410 Thread 0x00007fc28758f400 Exception <a 'java/lang/ClassNotFoundException'{0x000000078c9fe7e8}: org/gradle/initialization/DefaultProjectDescriptorBeanInfo> (0x000000078c9fe7e8) 
thrown [src/hotspot/share/classfile/systemDictionary.cpp, line 256]
Event: 15.413 Thread 0x00007fc28758f400 Exception <a 'java/lang/ClassNotFoundException'{0x000000078c80f928}: org/gradle/initialization/DefaultProjectDescriptorCustomizer> (0x000000078c80f928) 
thrown [src/hotspot/share/classfile/systemDictionary.cpp, line 256]
Event: 15.682 Thread 0x00007fc28758f400 Exception <a 'java/lang/ClassNotFoundException'{0x0000000786fcb360}: org/jetbrains/plugins/gradle/model/web/WebConfigurationBeanInfo> (0x0000000786fcb360) 
thrown [src/hotspot/share/classfile/systemDictionary.cpp, line 256]
Event: 15.683 Thread 0x00007fc28758f400 Exception <a 'java/lang/ClassNotFoundException'{0x0000000786fd3ea0}: org/jetbrains/plugins/gradle/model/web/WebConfigurationCustomizer> (0x0000000786fd3ea0) 
thrown [src/hotspot/share/classfile/systemDictionary.cpp, line 256]
Event: 16.324 Thread 0x00007fc28758f400 Exception <a 'java/lang/NoSuchMethodError'{0x000000078cceb5a0}: 'void java.lang.invoke.DirectMethodHandle$Holder.invokeStatic(java.lang.Object, java.lang.Object, java.lang.Object, java.lang.Object, java.lang.Object, java.lang.Object, java.lang.Object)'> (0x000000078cceb5a0) 
thrown [src/hotspot/share/interpreter/linkResolver.cpp, line 771]

VM Operations (20 events):
Event: 14.385 Executing VM operation: G1PauseRemark
Event: 14.400 Executing VM operation: G1PauseRemark done
Event: 14.443 Executing VM operation: G1PauseCleanup
Event: 14.443 Executing VM operation: G1PauseCleanup done
Event: 14.686 Executing VM operation: G1TryInitiateConcMark
Event: 14.701 Executing VM operation: G1TryInitiateConcMark done
Event: 14.783 Executing VM operation: G1PauseRemark
Event: 14.788 Executing VM operation: G1PauseRemark done
Event: 14.836 Executing VM operation: G1PauseCleanup
Event: 14.846 Executing VM operation: G1PauseCleanup done
Event: 15.191 Executing VM operation: G1CollectForAllocation
Event: 15.197 Executing VM operation: G1CollectForAllocation done
Event: 16.059 Executing VM operation: G1CollectForAllocation
Event: 16.068 Executing VM operation: G1CollectForAllocation done
Event: 16.195 Executing VM operation: G1PauseRemark
Event: 16.211 Executing VM operation: G1PauseRemark done
Event: 16.254 Executing VM operation: G1PauseCleanup
Event: 16.255 Executing VM operation: G1PauseCleanup done
Event: 16.357 Executing VM operation: HandshakeAllThreads
Event: 16.357 Executing VM operation: HandshakeAllThreads done

Events (20 events):
Event: 15.811 loading class javax/net/ssl/SSLException
Event: 15.811 loading class javax/net/ssl/SSLException done
Event: 15.811 loading class javax/net/ssl/SSLPeerUnverifiedException
Event: 15.811 loading class javax/net/ssl/SSLPeerUnverifiedException done
Event: 15.811 loading class javax/naming/NamingException
Event: 15.811 loading class javax/naming/NamingException done
Event: 15.811 loading class javax/naming/InvalidNameException
Event: 15.812 loading class javax/naming/InvalidNameException done
Event: 15.812 loading class java/security/cert/CertificateParsingException
Event: 15.812 loading class java/security/cert/CertificateException
Event: 15.812 loading class java/security/cert/CertificateException done
Event: 15.812 loading class java/security/cert/CertificateParsingException done
Event: 15.921 loading class java/nio/channels/Channels$ReadableByteChannelImpl
Event: 15.921 loading class java/nio/channels/Channels$ReadableByteChannelImpl done
Event: 15.959 loading class java/util/EmptyStackException
Event: 15.959 loading class java/util/EmptyStackException done
Event: 15.977 loading class java/io/InvalidClassException
Event: 15.977 loading class java/io/InvalidClassException done
Event: 16.331 loading class java/util/Comparators$NaturalOrderComparator
Event: 16.332 loading class java/util/Comparators$NaturalOrderComparator done


Dynamic libraries:
0x0000000101582000 	/Applications/Android Studio 2.app/Contents/jbr/Contents/Home/lib/libjli.dylib
0x00007fff4674d000 	/System/Library/Frameworks/Cocoa.framework/Versions/A/Cocoa
0x00007fff52db0000 	/System/Library/Frameworks/Security.framework/Versions/A/Security
0x00007fff4538b000 	/System/Library/Frameworks/ApplicationServices.framework/Versions/A/ApplicationServices
0x00007fff6cc1e000 	/usr/lib/libSystem.B.dylib
0x00007fff46f0e000 	/System/Library/Frameworks/CoreFoundation.framework/Versions/A/CoreFoundation
0x00007fff6e359000 	/usr/lib/libobjc.A.dylib
0x00007fff4908a000 	/System/Library/Frameworks/Foundation.framework/Versions/C/Foundation
0x00007fff444db000 	/System/Library/Frameworks/AppKit.framework/Versions/C/AppKit
0x00007fff46ac5000 	/System/Library/Frameworks/CoreData.framework/Versions/A/CoreData
0x00007fff664d1000 	/System/Library/PrivateFrameworks/RemoteViewServices.framework/Versions/A/RemoteViewServices
0x00007fff6ac4f000 	/System/Library/PrivateFrameworks/UIFoundation.framework/Versions/A/UIFoundation
0x00007fff5b2c9000 	/System/Library/PrivateFrameworks/DFRFoundation.framework/Versions/A/DFRFoundation
0x00007fff4b70f000 	/System/Library/Frameworks/Metal.framework/Versions/A/Metal
0x00007fff5b466000 	/System/Library/PrivateFrameworks/DesktopServicesPriv.framework/Versions/A/DesktopServicesPriv
0x00007fff6d8a6000 	/usr/lib/libenergytrace.dylib
0x00007fff68cb9000 	/System/Library/PrivateFrameworks/SkyLight.framework/Versions/A/SkyLight
0x00007fff473ac000 	/System/Library/Frameworks/CoreGraphics.framework/Versions/A/CoreGraphics
0x00007fff6cc19000 	/usr/lib/libScreenReader.dylib
0x00007fff431ed000 	/System/Library/Frameworks/Accelerate.framework/Versions/A/Accelerate
0x00007fff49805000 	/System/Library/Frameworks/IOSurface.framework/Versions/A/IOSurface
0x00007fff458d6000 	/System/Library/Frameworks/AudioToolbox.framework/Versions/A/AudioToolbox
0x00007fff45b66000 	/System/Library/Frameworks/AudioUnit.framework/Versions/A/AudioUnit
0x00007fff5b361000 	/System/Library/PrivateFrameworks/DataDetectorsCore.framework/Versions/A/DataDetectorsCore
0x00007fff46240000 	/System/Library/Frameworks/Carbon.framework/Versions/A/Frameworks/HIToolbox.framework/Versions/A/HIToolbox
0x00007fff6da00000 	/usr/lib/libicucore.A.dylib
0x00007fff6ed70000 	/usr/lib/libz.1.dylib
0x00007fff5232c000 	/System/Library/Frameworks/QuartzCore.framework/Versions/A/QuartzCore
0x00007fff67f5a000 	/System/Library/PrivateFrameworks/SignpostNotification.framework/Versions/A/SignpostNotification
0x00007fff46626000 	/System/Library/Frameworks/Carbon.framework/Versions/A/Frameworks/SpeechRecognition.framework/Versions/A/SpeechRecognition
0x00007fff6cdfc000 	/usr/lib/libauto.dylib
0x00007fff6ec5f000 	/usr/lib/libxml2.2.dylib
0x00007fff5af19000 	/System/Library/PrivateFrameworks/CoreUI.framework/Versions/A/CoreUI
0x00007fff469a1000 	/System/Library/Frameworks/CoreAudio.framework/Versions/A/CoreAudio
0x00007fff48ec4000 	/System/Library/Frameworks/DiskArbitration.framework/Versions/A/DiskArbitration
0x00007fff6dc74000 	/usr/lib/liblangid.dylib
0x00007fff629d5000 	/System/Library/PrivateFrameworks/MultitouchSupport.framework/Versions/A/MultitouchSupport
0x00007fff49768000 	/System/Library/Frameworks/IOKit.framework/Versions/A/IOKit
0x00007fff6c8a8000 	/usr/lib/libDiagnosticMessagesClient.dylib
0x00007fff480a1000 	/System/Library/Frameworks/CoreServices.framework/Versions/A/CoreServices
0x00007fff6450d000 	/System/Library/PrivateFrameworks/PerformanceAnalysis.framework/Versions/A/PerformanceAnalysis
0x00007fff514c9000 	/System/Library/Frameworks/OpenGL.framework/Versions/A/OpenGL
0x00007fff4675b000 	/System/Library/Frameworks/ColorSync.framework/Versions/A/ColorSync
0x00007fff479dd000 	/System/Library/Frameworks/CoreImage.framework/Versions/A/CoreImage
0x00007fff48a32000 	/System/Library/Frameworks/CoreText.framework/Versions/A/CoreText
0x00007fff49863000 	/System/Library/Frameworks/ImageIO.framework/Versions/A/ImageIO
0x00007fff57bc3000 	/System/Library/PrivateFrameworks/Backup.framework/Versions/A/Backup
0x00007fff6ccca000 	/usr/lib/libarchive.2.dylib
0x00007fff45e89000 	/System/Library/Frameworks/CFNetwork.framework/Versions/A/CFNetwork
0x00007fff53543000 	/System/Library/Frameworks/SystemConfiguration.framework/Versions/A/SystemConfiguration
0x00007fff6c7d1000 	/usr/lib/libCRFSuite.dylib
0x00007fff6ced6000 	/usr/lib/libc++.1.dylib
0x00007fff6cf2d000 	/usr/lib/libc++abi.dylib
0x00007fff6ee1e000 	/usr/lib/system/libcache.dylib
0x00007fff6ee23000 	/usr/lib/system/libcommonCrypto.dylib
0x00007fff6ee2e000 	/usr/lib/system/libcompiler_rt.dylib
0x00007fff6ee36000 	/usr/lib/system/libcopyfile.dylib
0x00007fff6ee40000 	/usr/lib/system/libcorecrypto.dylib
0x00007fff6ef4d000 	/usr/lib/system/libdispatch.dylib
0x00007fff6ef87000 	/usr/lib/system/libdyld.dylib
0x00007fff6efa5000 	/usr/lib/system/libkeymgr.dylib
0x00007fff6efb3000 	/usr/lib/system/liblaunch.dylib
0x00007fff6efb4000 	/usr/lib/system/libmacho.dylib
0x00007fff6efb9000 	/usr/lib/system/libquarantine.dylib
0x00007fff6efbc000 	/usr/lib/system/libremovefile.dylib
0x00007fff6efbe000 	/usr/lib/system/libsystem_asl.dylib
0x00007fff6efd6000 	/usr/lib/system/libsystem_blocks.dylib
0x00007fff6efd7000 	/usr/lib/system/libsystem_c.dylib
0x00007fff6f061000 	/usr/lib/system/libsystem_configuration.dylib
0x00007fff6f065000 	/usr/lib/system/libsystem_coreservices.dylib
0x00007fff6f069000 	/usr/lib/system/libsystem_darwin.dylib
0x00007fff6f06b000 	/usr/lib/system/libsystem_dnssd.dylib
0x00007fff6f072000 	/usr/lib/system/libsystem_info.dylib
0x00007fff6f0e3000 	/usr/lib/system/libsystem_m.dylib
0x00007fff6f12f000 	/usr/lib/system/libsystem_malloc.dylib
0x00007fff6f14f000 	/usr/lib/system/libsystem_network.dylib
0x00007fff6f280000 	/usr/lib/system/libsystem_networkextension.dylib
0x00007fff6f28b000 	/usr/lib/system/libsystem_notify.dylib
0x00007fff6f2a9000 	/usr/lib/system/libsystem_sandbox.dylib
0x00007fff6f2ad000 	/usr/lib/system/libsystem_secinit.dylib
0x00007fff6f0bc000 	/usr/lib/system/libsystem_kernel.dylib
0x00007fff6f295000 	/usr/lib/system/libsystem_platform.dylib
0x00007fff6f29d000 	/usr/lib/system/libsystem_pthread.dylib
0x00007fff6f2af000 	/usr/lib/system/libsystem_symptoms.dylib
0x00007fff6f2b7000 	/usr/lib/system/libsystem_trace.dylib
0x00007fff6f2cd000 	/usr/lib/system/libunwind.dylib
0x00007fff6f2d3000 	/usr/lib/system/libxpc.dylib
0x00007fff6c6e4000 	/usr/lib/closure/libclosured.dylib
0x00007fff6ceb7000 	/usr/lib/libbsm.0.dylib
0x00007fff6efa6000 	/usr/lib/system/libkxld.dylib
0x00007fff6cae2000 	/usr/lib/libOpenScriptingUtil.dylib
0x00007fff6d226000 	/usr/lib/libcoretls.dylib
0x00007fff6d23f000 	/usr/lib/libcoretls_cfhelpers.dylib
0x00007fff6e75d000 	/usr/lib/libpam.2.dylib
0x00007fff6e888000 	/usr/lib/libsqlite3.dylib
0x00007fff6ec4e000 	/usr/lib/libxar.1.dylib
0x00007fff6cec8000 	/usr/lib/libbz2.1.0.dylib
0x00007fff6dc76000 	/usr/lib/liblzma.5.dylib
0x00007fff6e157000 	/usr/lib/libnetwork.dylib
0x00007fff6ccb3000 	/usr/lib/libapple_nghttp2.dylib
0x00007fff6e764000 	/usr/lib/libpcap.A.dylib
0x00007fff6cdfd000 	/usr/lib/libboringssl.dylib
0x00007fff6ebe9000 	/usr/lib/libusrtcp.dylib
0x00007fff6ccb2000 	/usr/lib/libapple_crypto.dylib
0x00007fff48424000 	/System/Library/Frameworks/CoreServices.framework/Versions/A/Frameworks/FSEvents.framework/Versions/A/FSEvents
0x00007fff48117000 	/System/Library/Frameworks/CoreServices.framework/Versions/A/Frameworks/CarbonCore.framework/Versions/A/CarbonCore
0x00007fff485ec000 	/System/Library/Frameworks/CoreServices.framework/Versions/A/Frameworks/Metadata.framework/Versions/A/Metadata
0x00007fff4869d000 	/System/Library/Frameworks/CoreServices.framework/Versions/A/Frameworks/OSServices.framework/Versions/A/OSServices
0x00007fff486fe000 	/System/Library/Frameworks/CoreServices.framework/Versions/A/Frameworks/SearchKit.framework/Versions/A/SearchKit
0x00007fff480a2000 	/System/Library/Frameworks/CoreServices.framework/Versions/A/Frameworks/AE.framework/Versions/A/AE
0x00007fff4842d000 	/System/Library/Frameworks/CoreServices.framework/Versions/A/Frameworks/LaunchServices.framework/Versions/A/LaunchServices
0x00007fff483ef000 	/System/Library/Frameworks/CoreServices.framework/Versions/A/Frameworks/DictionaryServices.framework/Versions/A/DictionaryServices
0x00007fff4876d000 	/System/Library/Frameworks/CoreServices.framework/Versions/A/Frameworks/SharedFileList.framework/Versions/A/SharedFileList
0x00007fff4c945000 	/System/Library/Frameworks/NetFS.framework/Versions/A/NetFS
0x00007fff62c66000 	/System/Library/PrivateFrameworks/NetAuth.framework/Versions/A/NetAuth
0x00007fff6c57b000 	/System/Library/PrivateFrameworks/login.framework/Versions/A/Frameworks/loginsupport.framework/Versions/A/loginsupport
0x00007fff6a8cc000 	/System/Library/PrivateFrameworks/TCC.framework/Versions/A/TCC
0x00007fff6dd57000 	/usr/lib/libmecabra.dylib
0x00007fff4538c000 	/System/Library/Frameworks/ApplicationServices.framework/Versions/A/Frameworks/ATS.framework/Versions/A/ATS
0x00007fff4573b000 	/System/Library/Frameworks/ApplicationServices.framework/Versions/A/Frameworks/ColorSyncLegacy.framework/Versions/A/ColorSyncLegacy
0x00007fff457df000 	/System/Library/Frameworks/ApplicationServices.framework/Versions/A/Frameworks/HIServices.framework/Versions/A/HIServices
0x00007fff45832000 	/System/Library/Frameworks/ApplicationServices.framework/Versions/A/Frameworks/LangAnalysis.framework/Versions/A/LangAnalysis
0x00007fff45841000 	/System/Library/Frameworks/ApplicationServices.framework/Versions/A/Frameworks/PrintCore.framework/Versions/A/PrintCore
0x00007fff4588e000 	/System/Library/Frameworks/ApplicationServices.framework/Versions/A/Frameworks/QD.framework/Versions/A/QD
0x00007fff458c9000 	/System/Library/Frameworks/ApplicationServices.framework/Versions/A/Frameworks/SpeechSynthesis.framework/Versions/A/SpeechSynthesis
0x00007fff46e2a000 	/System/Library/Frameworks/CoreDisplay.framework/Versions/A/CoreDisplay
0x00007fff43206000 	/System/Library/Frameworks/Accelerate.framework/Versions/A/Frameworks/vImage.framework/Versions/A/vImage
0x00007fff441e7000 	/System/Library/Frameworks/Accelerate.framework/Versions/A/Frameworks/vecLib.framework/Versions/A/vecLib
0x00007fff43fbc000 	/System/Library/Frameworks/Accelerate.framework/Versions/A/Frameworks/vecLib.framework/Versions/A/libvDSP.dylib
0x00007fff43af6000 	/System/Library/Frameworks/Accelerate.framework/Versions/A/Frameworks/vecLib.framework/Versions/A/libBNNS.dylib
0x00007fff43f22000 	/System/Library/Frameworks/Accelerate.framework/Versions/A/Frameworks/vecLib.framework/Versions/A/libQuadrature.dylib
0x00007fff44130000 	/System/Library/Frameworks/Accelerate.framework/Versions/A/Frameworks/vecLib.framework/Versions/A/libvMisc.dylib
0x00007fff43b31000 	/System/Library/Frameworks/Accelerate.framework/Versions/A/Frameworks/vecLib.framework/Versions/A/libLAPACK.dylib
0x00007fff43955000 	/System/Library/Frameworks/Accelerate.framework/Versions/A/Frameworks/vecLib.framework/Versions/A/libBLAS.dylib
0x00007fff43f0b000 	/System/Library/Frameworks/Accelerate.framework/Versions/A/Frameworks/vecLib.framework/Versions/A/libLinearAlgebra.dylib
0x00007fff43f28000 	/System/Library/Frameworks/Accelerate.framework/Versions/A/Frameworks/vecLib.framework/Versions/A/libSparse.dylib
0x00007fff43fa9000 	/System/Library/Frameworks/Accelerate.framework/Versions/A/Frameworks/vecLib.framework/Versions/A/libSparseBLAS.dylib
0x00007fff5faa0000 	/System/Library/PrivateFrameworks/GPUWrangler.framework/Versions/A/GPUWrangler
0x00007fff61234000 	/System/Library/PrivateFrameworks/IOAccelerator.framework/Versions/A/IOAccelerator
0x00007fff6123f000 	/System/Library/PrivateFrameworks/IOPresentment.framework/Versions/A/IOPresentment
0x00007fff5b2db000 	/System/Library/PrivateFrameworks/DSExternalDisplay.framework/Versions/A/DSExternalDisplay
0x00007fff50948000 	/System/Library/Frameworks/OpenGL.framework/Versions/A/Libraries/libCoreFSCache.dylib
0x00007fff48b83000 	/System/Library/Frameworks/CoreVideo.framework/Versions/A/CoreVideo
0x00007fff6081b000 	/System/Library/PrivateFrameworks/GraphVisualizer.framework/Versions/A/GraphVisualizer
0x00007fff4b946000 	/System/Library/Frameworks/MetalPerformanceShaders.framework/Versions/A/MetalPerformanceShaders
0x00007fff6c8e0000 	/usr/lib/libFosl_dynamic.dylib
0x00007fff5c3aa000 	/System/Library/PrivateFrameworks/FaceCore.framework/Versions/A/FaceCore
0x00007fff4f743000 	/System/Library/Frameworks/OpenCL.framework/Versions/A/OpenCL
0x00007fff6cf64000 	/usr/lib/libcompression.dylib
0x00007fff4548b000 	/System/Library/Frameworks/ApplicationServices.framework/Versions/A/Frameworks/ATS.framework/Versions/A/Resources/libFontParser.dylib
0x00007fff455ae000 	/System/Library/Frameworks/ApplicationServices.framework/Versions/A/Frameworks/ATS.framework/Versions/A/Resources/libFontRegistry.dylib
0x00007fff49acf000 	/System/Library/Frameworks/ImageIO.framework/Versions/A/Resources/libJPEG.dylib
0x00007fff49e0d000 	/System/Library/Frameworks/ImageIO.framework/Versions/A/Resources/libTIFF.dylib
0x00007fff49de3000 	/System/Library/Frameworks/ImageIO.framework/Versions/A/Resources/libPng.dylib
0x00007fff499e2000 	/System/Library/Frameworks/ImageIO.framework/Versions/A/Resources/libGIF.dylib
0x00007fff499e7000 	/System/Library/Frameworks/ImageIO.framework/Versions/A/Resources/libJP2.dylib
0x00007fff49e0a000 	/System/Library/Frameworks/ImageIO.framework/Versions/A/Resources/libRadiance.dylib
0x00007fff572ed000 	/System/Library/PrivateFrameworks/AppleJPEG.framework/Versions/A/AppleJPEG
0x00007fff4b7ad000 	/System/Library/Frameworks/MetalPerformanceShaders.framework/Frameworks/MPSCore.framework/Versions/A/MPSCore
0x00007fff4b7c9000 	/System/Library/Frameworks/MetalPerformanceShaders.framework/Frameworks/MPSImage.framework/Versions/A/MPSImage
0x00007fff4b85e000 	/System/Library/Frameworks/MetalPerformanceShaders.framework/Frameworks/MPSNeuralNetwork.framework/Versions/A/MPSNeuralNetwork
0x00007fff4b839000 	/System/Library/Frameworks/MetalPerformanceShaders.framework/Frameworks/MPSMatrix.framework/Versions/A/MPSMatrix
0x00007fff62737000 	/System/Library/PrivateFrameworks/MetalTools.framework/Versions/A/MetalTools
0x00007fff50b13000 	/System/Library/Frameworks/OpenGL.framework/Versions/A/Libraries/libGLU.dylib
0x00007fff50953000 	/System/Library/Frameworks/OpenGL.framework/Versions/A/Libraries/libGFXShared.dylib
0x00007fff5095d000 	/System/Library/Frameworks/OpenGL.framework/Versions/A/Libraries/libGL.dylib
0x00007fff50969000 	/System/Library/Frameworks/OpenGL.framework/Versions/A/Libraries/libGLImage.dylib
0x00007fff50945000 	/System/Library/Frameworks/OpenGL.framework/Versions/A/Libraries/libCVMSPluginSupport.dylib
0x00007fff5094e000 	/System/Library/Frameworks/OpenGL.framework/Versions/A/Libraries/libCoreVMClient.dylib
0x00007fff6d711000 	/usr/lib/libcups.2.dylib
0x00007fff4ad14000 	/System/Library/Frameworks/Kerberos.framework/Versions/A/Kerberos
0x00007fff494c2000 	/System/Library/Frameworks/GSS.framework/Versions/A/GSS
0x00007fff6e81b000 	/usr/lib/libresolv.9.dylib
0x00007fff6d90e000 	/usr/lib/libiconv.2.dylib
0x00007fff608ad000 	/System/Library/PrivateFrameworks/Heimdal.framework/Versions/A/Heimdal
0x00007fff6d8dd000 	/usr/lib/libheimdal-asn1.dylib
0x00007fff4f7bb000 	/System/Library/Frameworks/OpenDirectory.framework/Versions/A/OpenDirectory
0x00007fff59606000 	/System/Library/PrivateFrameworks/CommonAuth.framework/Versions/A/CommonAuth
0x00007fff4f79e000 	/System/Library/Frameworks/OpenDirectory.framework/Versions/A/Frameworks/CFOpenDirectory.framework/Versions/A/CFOpenDirectory
0x00007fff530dc000 	/System/Library/Frameworks/SecurityFoundation.framework/Versions/A/SecurityFoundation
0x00007fff564b0000 	/System/Library/PrivateFrameworks/APFS.framework/Versions/A/APFS
0x00007fff6ec4a000 	/usr/lib/libutil.dylib
0x00007fff57370000 	/System/Library/PrivateFrameworks/AppleSauce.framework/Versions/A/AppleSauce
0x00007fff61a1c000 	/System/Library/PrivateFrameworks/LinguisticData.framework/Versions/A/LinguisticData
0x00007fff6dc90000 	/usr/lib/libmarisa.dylib
0x00007fff619d6000 	/System/Library/PrivateFrameworks/Lexicon.framework/Versions/A/Lexicon
0x00007fff6c80b000 	/usr/lib/libChineseTokenizer.dylib
0x00007fff6cf53000 	/usr/lib/libcmph.dylib
0x00007fff618e0000 	/System/Library/PrivateFrameworks/LanguageModeling.framework/Versions/A/LanguageModeling
0x00007fff5a123000 	/System/Library/PrivateFrameworks/CoreEmoji.framework/Versions/A/CoreEmoji
0x00007fff5319a000 	/System/Library/Frameworks/ServiceManagement.framework/Versions/A/ServiceManagement
0x00007fff57bbb000 	/System/Library/PrivateFrameworks/BackgroundTaskManagement.framework/Versions/A/BackgroundTaskManagement
0x00007fff6ed47000 	/usr/lib/libxslt.1.dylib
0x00007fff46550000 	/System/Library/Frameworks/Carbon.framework/Versions/A/Frameworks/Ink.framework/Versions/A/Ink
0x00007fff6aae1000 	/System/Library/PrivateFrameworks/TextureIO.framework/Versions/A/TextureIO
0x00007fff6ccf5000 	/usr/lib/libate.dylib
0x00007fff5b23a000 	/System/Library/PrivateFrameworks/CrashReporterSupport.framework/Versions/A/CrashReporterSupport
0x00007fff67e1a000 	/System/Library/PrivateFrameworks/Sharing.framework/Versions/A/Sharing
0x00007fff61621000 	/System/Library/PrivateFrameworks/IconServices.framework/Versions/A/IconServices
0x00007fff577eb000 	/System/Library/PrivateFrameworks/AuthKit.framework/Versions/A/AuthKit
0x00007fff57170000 	/System/Library/PrivateFrameworks/Apple80211.framework/Versions/A/Apple80211
0x00007fff5b04f000 	/System/Library/PrivateFrameworks/CoreUtils.framework/Versions/A/CoreUtils
0x00007fff48bbe000 	/System/Library/Frameworks/CoreWLAN.framework/Versions/A/CoreWLAN
0x00007fff49604000 	/System/Library/Frameworks/IOBluetooth.framework/Versions/A/IOBluetooth
0x00007fff662dc000 	/System/Library/PrivateFrameworks/ProtocolBuffer.framework/Versions/A/ProtocolBuffer
0x00007fff62930000 	/System/Library/PrivateFrameworks/MobileKeyBag.framework/Versions/A/MobileKeyBag
0x00007fff5a8c7000 	/System/Library/PrivateFrameworks/CorePhoneNumbers.framework/Versions/A/CorePhoneNumbers
0x00007fff572a8000 	/System/Library/PrivateFrameworks/AppleIDAuthSupport.framework/Versions/A/AppleIDAuthSupport
0x00007fff618cc000 	/System/Library/PrivateFrameworks/KeychainCircle.framework/Versions/A/KeychainCircle
0x00007fff5b1d5000 	/System/Library/PrivateFrameworks/CoreWiFi.framework/Versions/A/CoreWiFi
0x00007fff46a9b000 	/System/Library/Frameworks/CoreBluetooth.framework/Versions/A/CoreBluetooth
0x00007fff5b425000 	/System/Library/PrivateFrameworks/DebugSymbols.framework/Versions/A/DebugSymbols
0x00007fff5ae05000 	/System/Library/PrivateFrameworks/CoreSymbolication.framework/Versions/A/CoreSymbolication
0x00007fff6a2d2000 	/System/Library/PrivateFrameworks/Symbolication.framework/Versions/A/Symbolication
0x00007fff5719a000 	/System/Library/PrivateFrameworks/AppleFSCompression.framework/Versions/A/AppleFSCompression
0x00007fff6971f000 	/System/Library/PrivateFrameworks/SpeechRecognitionCore.framework/Versions/A/SpeechRecognitionCore
0x0000000101e00000 	/Applications/Android Studio 2.app/Contents/jbr/Contents/Home/lib/server/libjvm.dylib
0x00000001015c0000 	/Applications/Android Studio 2.app/Contents/jbr/Contents/Home/lib/libjimage.dylib
0x00000001015d0000 	/Applications/Android Studio 2.app/Contents/jbr/Contents/Home/lib/libinstrument.dylib
0x0000000105ad6000 	/Applications/Android Studio 2.app/Contents/jbr/Contents/Home/lib/./libjava.dylib
0x000000010d3c5000 	/Applications/Android Studio 2.app/Contents/jbr/Contents/Home/lib/./libzip.dylib
0x000000010d430000 	/Applications/Android Studio 2.app/Contents/jbr/Contents/Home/lib/libnio.dylib
0x000000010d447000 	/Applications/Android Studio 2.app/Contents/jbr/Contents/Home/lib/./libnet.dylib
0x000000010d6d9000 	/Applications/Android Studio 2.app/Contents/jbr/Contents/Home/lib/libverify.dylib
0x000000010d7df000 	/Users/hav/.gradle/native/c067742578af261105cb4f569cf0c3c89f3d7b1fecec35dd04571415982c5e48/osx-amd64/libnative-platform.dylib
0x000000010d7eb000 	/Users/hav/.gradle/native/100fb08df4bc3b14c8652ba06237920a3bd2aa13389f12d3474272988ae205f9/osx-amd64/libnative-platform-file-events.dylib
0x000000010db14000 	/Applications/Android Studio 2.app/Contents/jbr/Contents/Home/lib/libmanagement.dylib
0x000000010db20000 	/Applications/Android Studio 2.app/Contents/jbr/Contents/Home/lib/libmanagement_ext.dylib
0x000000010db2d000 	/Applications/Android Studio 2.app/Contents/jbr/Contents/Home/lib/libextnet.dylib


VM Arguments:
jvm_args: --add-opens=java.base/java.util=ALL-UNNAMED --add-opens=java.base/java.lang=ALL-UNNAMED --add-opens=java.base/java.lang.invoke=ALL-UNNAMED --add-opens=java.prefs/java.util.prefs=ALL-UNNAMED --add-opens=java.base/java.nio.charset=ALL-UNNAMED --add-opens=java.base/java.net=ALL-UNNAMED --add-opens=java.base/java.util.concurrent.atomic=ALL-UNNAMED -Xmx2048m -Dfile.encoding=UTF-8 -Duser.country=RU -Duser.language=en -Duser.variant -javaagent:/Users/hav/.gradle/wrapper/dists/gradle-8.8-bin/dl7vupf4psengwqhwktix4v1/gradle-8.8/lib/agents/gradle-instrumentation-agent-8.8.jar 
java_command: org.gradle.launcher.daemon.bootstrap.GradleDaemon 8.8
java_class_path (initial): /Users/hav/.gradle/wrapper/dists/gradle-8.8-bin/dl7vupf4psengwqhwktix4v1/gradle-8.8/lib/gradle-launcher-8.8.jar
Launcher Type: SUN_STANDARD

[Global flags]
     intx CICompilerCount                          = 3                                         {product} {ergonomic}
     uint ConcGCThreads                            = 1                                         {product} {ergonomic}
     uint G1ConcRefinementThreads                  = 4                                         {product} {ergonomic}
   size_t G1HeapRegionSize                         = 1048576                                   {product} {ergonomic}
    uintx GCDrainStackTargetSize                   = 64                                        {product} {ergonomic}
   size_t InitialHeapSize                          = 268435456                                 {product} {ergonomic}
   size_t MarkStackSize                            = 4194304                                   {product} {ergonomic}
   size_t MaxHeapSize                              = 2147483648                                {product} {command line}
   size_t MaxNewSize                               = 1287651328                                {product} {ergonomic}
   size_t MinHeapDeltaBytes                        = 1048576                                   {product} {ergonomic}
   size_t MinHeapSize                              = 8388608                                   {product} {ergonomic}
    uintx NonNMethodCodeHeapSize                   = 5832780                                {pd product} {ergonomic}
    uintx NonProfiledCodeHeapSize                  = 122912730                              {pd product} {ergonomic}
    uintx ProfiledCodeHeapSize                     = 122912730                              {pd product} {ergonomic}
    uintx ReservedCodeCacheSize                    = 251658240                              {pd product} {ergonomic}
     bool SegmentedCodeCache                       = true                                      {product} {ergonomic}
   size_t SoftMaxHeapSize                          = 2147483648                             {manageable} {ergonomic}
     bool UseCompressedClassPointers               = true                           {product lp64_product} {ergonomic}
     bool UseCompressedOops                        = true                           {product lp64_product} {ergonomic}
     bool UseG1GC                                  = true                                      {product} {ergonomic}
     bool UseNUMA                                  = false                                     {product} {ergonomic}
     bool UseNUMAInterleaving                      = false                                     {product} {ergonomic}

Logging:
Log output configuration:
 #0: stdout all=warning uptime,level,tags
 #1: stderr all=off uptime,level,tags

Environment Variables:
PATH=/usr/local/bin:/usr/bin:/bin:/usr/sbin:/sbin
SHELL=/bin/bash
LC_CTYPE=en_US.UTF-8
TMPDIR=/var/folders/41/nvvt44xd7tg5q4vv3190z40c0000gn/T/

Active Locale:
LC_ALL=C
LC_COLLATE=C
LC_CTYPE=C
LC_MESSAGES=C
LC_MONETARY=C
LC_NUMERIC=C
LC_TIME=C

Signal Handlers:
   SIGSEGV: crash_handler in libjvm.dylib, mask=11100110000111110111111111111111, flags=SA_RESTART|SA_SIGINFO, unblocked
    SIGBUS: crash_handler in libjvm.dylib, mask=11100110000111110111111111111111, flags=SA_RESTART|SA_SIGINFO, unblocked
    SIGFPE: crash_handler in libjvm.dylib, mask=11100110000111110111111111111111, flags=SA_RESTART|SA_SIGINFO, unblocked
   SIGPIPE: javaSignalHandler in libjvm.dylib, mask=11100110000111110111111111111111, flags=SA_RESTART|SA_SIGINFO, blocked
   SIGXFSZ: javaSignalHandler in libjvm.dylib, mask=11100110000111110111111111111111, flags=SA_RESTART|SA_SIGINFO, blocked
    SIGILL: crash_handler in libjvm.dylib, mask=11100110000111110111111111111111, flags=SA_RESTART|SA_SIGINFO, unblocked
   SIGUSR2: SR_handler in libjvm.dylib, mask=00100000000000000000000000000000, flags=SA_RESTART|SA_SIGINFO, blocked
    SIGHUP: UserHandler in libjvm.dylib, mask=11100110000111110111111111111111, flags=SA_RESTART|SA_SIGINFO, blocked
    SIGINT: UserHandler in libjvm.dylib, mask=11100110000111110111111111111111, flags=SA_RESTART|SA_SIGINFO, blocked
   SIGTERM: UserHandler in libjvm.dylib, mask=11100110000111110111111111111111, flags=SA_RESTART|SA_SIGINFO, blocked
   SIGQUIT: UserHandler in libjvm.dylib, mask=11100110000111110111111111111111, flags=SA_RESTART|SA_SIGINFO, blocked
   SIGTRAP: crash_handler in libjvm.dylib, mask=11100110000111110111111111111111, flags=SA_RESTART|SA_SIGINFO, unblocked


Periodic native trim disabled

JNI global refs:
JNI global refs: 23, weak refs: 0

JNI global refs memory usage: 835, weak refs: 833

Process memory usage:
Resident Set Size: 298620K (1% of 16777216K total physical memory with 3190532K free physical memory)

OOME stack traces (most recent first):
Classloader memory used:
Not available (crashed in non-Java thread)

---------------  S Y S T E M  ---------------

OS:
uname: Darwin 17.7.0 Darwin Kernel Version 17.7.0: Fri Oct 30 13:34:27 PDT 2020; root:xnu-4570.71.82.8~1/RELEASE_X86_64 x86_64
OS uptime: 0 days 0:30 hours
rlimit (soft/hard): STACK 8192k/65532k , CORE 0k/infinity , NPROC 1418/2128 , NOFILE 10240/infinity , AS infinity/infinity , CPU infinity/infinity , DATA infinity/infinity , FSIZE infinity/infinity , MEMLOCK infinity/infinity , RSS infinity/infinity
load average: 3.55 3.55 3.63

CPU: total 4 (initial active 4) (2 cores per cpu, 2 threads per core) family 6 model 42 stepping 7 microcode 0x2f, cx8, cmov, fxsr, ht, mmx, sse, sse2, sse3, ssse3, sse4.1, sse4.2, popcnt, tsc, tscinvbit, avx, aes, clmul, vzeroupper, clflush
machdep.cpu.brand_string:Intel(R) Core(TM) i5-2415M CPU @ 2.30GHz
hw.cpufrequency:2300000000
hw.cpufrequency_min:2300000000
hw.cpufrequency_max:2300000000
hw.cachelinesize:64
hw.l1icachesize:32768
hw.l1dcachesize:32768
hw.l2cachesize:262144
hw.l3cachesize:3145728

Memory: 4k page, physical 16777216k(3190532k free), swap 0k(0k free)

vm_info: OpenJDK 64-Bit Server VM (17.0.11+0-17.0.11b1207.24-11852314) for bsd-amd64 JRE (17.0.11+0-17.0.11b1207.24-11852314), built on May 16 2024 20:35:06 by "androidbuild" with clang Android (11368308, +pgo, -bolt, +lto, -mlgo, based on r510928) Clang 18.0.0 (https://android.googlesource.com/toolchain/llvm-project 477610d4d0d988e69dbc3fae4fe86bff3f07f2b5)

END.
